[2016-08-16 03:44:32][INFO][Chrome Thread1][TestDriver.java][96] - ******************************************************************************
[2016-08-16 03:44:32][INFO][Chrome Thread1][TestDriver.java][97] - Create a Driver, Browser:chrome
[2016-08-16 03:44:50][INFO][Chrome Thread1][KeyWords.java][101] - open url - http://10.13.28.101/
[2016-08-16 03:44:52][INFO][Chrome Thread1][KeyWords.java][211] - Click on [By.xpath: //a[@id='login_button']]
[2016-08-16 03:44:52][INFO][Chrome Thread1][KeyWords.java][131] - [By.xpath: //input[@name='username']],元素可见!
[2016-08-16 03:44:53][INFO][Chrome Thread1][KeyWords.java][249] - Set the value of [By.xpath: //input[@name='username']] to [maoyl1]
[2016-08-16 03:44:53][INFO][Chrome Thread1][KeyWords.java][131] - [By.xpath: //input[@name='pwd']],元素可见!
[2016-08-16 03:44:53][INFO][Chrome Thread1][KeyWords.java][249] - Set the value of [By.xpath: //input[@name='pwd']] to [m123456]
[2016-08-16 03:45:03][ERROR][Chrome Thread1][KeyWords.java][134] - [By.xpath: //input[@id='authCode']],元素不可见!
[2016-08-16 03:45:03][INFO][Chrome Thread1][KeyWords.java][211] - Click on [By.xpath: //input[@id='normalSub']]
[2016-08-16 03:45:06][INFO][Chrome Thread1][KeyWords.java][131] - [By.xpath: //a[contains(@href,'/Account/User/Logout')]],元素可见!
[2016-08-16 03:45:06][INFO][Chrome Thread1][KeyWords.java][150] - [By.xpath: //a[contains(@href,'/Account/User/Logout')]],元素存在!
[2016-08-16 03:45:06][INFO][Chrome Thread1][test11.java][35] - maoyl1登录成功
[2016-08-16 03:45:09][INFO][Chrome Thread1][KeyWords.java][211] - Click on [By.xpath: //a[contains(@href,'/Application/ProjectManage/getMyMoneyList')]]
[2016-08-16 03:45:14][INFO][Chrome Thread1][KeyWords.java][131] - [By.id: getMyRecordList_type],元素可见!
[2016-08-16 03:45:14][INFO][Chrome Thread1][KeyWords.java][150] - [By.id: getMyRecordList_type],元素存在!
[2016-08-16 03:45:14][INFO][Chrome Thread1][test11.java][46] - 【进入资金记录页面成功！】
[2016-08-16 03:45:14][INFO][Chrome Thread1][KeyWords.java][131] - [By.xpath: //input[@id='start_time']],元素可见!
[2016-08-16 03:45:14][INFO][Chrome Thread1][KeyWords.java][249] - Set the value of [By.xpath: //input[@id='start_time']] to [2016-08-9]
[2016-08-16 03:45:14][INFO][Chrome Thread1][KeyWords.java][131] - [By.xpath: //input[@id='end_time']],元素可见!
[2016-08-16 03:45:15][INFO][Chrome Thread1][KeyWords.java][249] - Set the value of [By.xpath: //input[@id='end_time']] to [2016-08-09]
[2016-08-16 03:45:18][INFO][Chrome Thread1][KeyWords.java][131] - [By.xpath: //a[contains(text(),'>>')]/preceding-sibling::a[2]],元素可见!
[2016-08-16 03:45:18][INFO][Chrome Thread1][KeyWords.java][131] - [By.xpath: //span[contains(@class,'current')]],元素可见!
[2016-08-16 03:45:28][ERROR][Chrome Thread1][KeyWords.java][134] - [By.xpath: //td[contains(text(),'ZYJ20160809005')]/parent::*],元素不可见!
[2016-08-16 03:45:29][ERROR][Chrome Thread1][KeyWords.java][153] - [By.xpath: //td[contains(text(),'ZYJ20160809005')]/parent::*],元素不存在!
[2016-08-16 03:45:29][INFO][Chrome Thread1][KeyWords.java][131] - [By.xpath: //input[@value='跳转']],元素可见!
[2016-08-16 03:45:29][INFO][Chrome Thread1][KeyWords.java][150] - [By.xpath: //input[@value='跳转']],元素存在!
[2016-08-16 03:45:29][INFO][Chrome Thread1][KeyWords.java][211] - Click on [By.xpath: //a[contains(text(),'>>')]/preceding-sibling::a[1]]
[2016-08-16 03:45:29][INFO][Chrome Thread1][KeyWords.java][131] - [By.xpath: //span[contains(@class,'current')]],元素可见!
[2016-08-16 03:45:40][ERROR][Chrome Thread1][KeyWords.java][134] - [By.xpath: //td[contains(text(),'ZYJ20160809005')]/parent::*],元素不可见!
[2016-08-16 03:46:25][INFO][Chrome Thread1][TestDriver.java][96] - ******************************************************************************
[2016-08-16 03:46:25][INFO][Chrome Thread1][TestDriver.java][97] - Create a Driver, Browser:chrome
[2016-08-16 03:46:33][INFO][Chrome Thread1][KeyWords.java][101] - open url - http://10.13.28.101/
[2016-08-16 03:46:34][INFO][Chrome Thread1][KeyWords.java][211] - Click on [By.xpath: //a[@id='login_button']]
[2016-08-16 03:46:35][INFO][Chrome Thread1][KeyWords.java][131] - [By.xpath: //input[@name='username']],元素可见!
[2016-08-16 03:46:35][INFO][Chrome Thread1][KeyWords.java][249] - Set the value of [By.xpath: //input[@name='username']] to [maoyl1]
[2016-08-16 03:46:35][INFO][Chrome Thread1][KeyWords.java][131] - [By.xpath: //input[@name='pwd']],元素可见!
[2016-08-16 03:46:35][INFO][Chrome Thread1][KeyWords.java][249] - Set the value of [By.xpath: //input[@name='pwd']] to [m123456]
[2016-08-16 03:46:46][ERROR][Chrome Thread1][KeyWords.java][134] - [By.xpath: //input[@id='authCode']],元素不可见!
[2016-08-16 03:46:46][INFO][Chrome Thread1][KeyWords.java][211] - Click on [By.xpath: //input[@id='normalSub']]
[2016-08-16 03:46:48][INFO][Chrome Thread1][KeyWords.java][131] - [By.xpath: //a[contains(@href,'/Account/User/Logout')]],元素可见!
[2016-08-16 03:46:48][INFO][Chrome Thread1][KeyWords.java][150] - [By.xpath: //a[contains(@href,'/Account/User/Logout')]],元素存在!
[2016-08-16 03:46:48][INFO][Chrome Thread1][test11.java][35] - maoyl1登录成功
[2016-08-16 03:46:51][INFO][Chrome Thread1][KeyWords.java][211] - Click on [By.xpath: //a[contains(@href,'/Application/ProjectManage/getMyMoneyList')]]
[2016-08-16 03:46:54][INFO][Chrome Thread1][KeyWords.java][131] - [By.id: getMyRecordList_type],元素可见!
[2016-08-16 03:46:54][INFO][Chrome Thread1][KeyWords.java][150] - [By.id: getMyRecordList_type],元素存在!
[2016-08-16 03:46:54][INFO][Chrome Thread1][test11.java][46] - 【进入资金记录页面成功！】
[2016-08-16 03:46:54][INFO][Chrome Thread1][KeyWords.java][131] - [By.xpath: //input[@id='start_time']],元素可见!
[2016-08-16 03:46:54][INFO][Chrome Thread1][KeyWords.java][249] - Set the value of [By.xpath: //input[@id='start_time']] to [2016-08-9]
[2016-08-16 03:46:54][INFO][Chrome Thread1][KeyWords.java][131] - [By.xpath: //input[@id='end_time']],元素可见!
[2016-08-16 03:46:54][INFO][Chrome Thread1][KeyWords.java][249] - Set the value of [By.xpath: //input[@id='end_time']] to [2016-08-09]
[2016-08-16 03:46:55][INFO][Chrome Thread1][KeyWords.java][211] - Click on [By.xpath: //div[@id='search']/label/input]
[2016-08-16 03:46:58][INFO][Chrome Thread1][KeyWords.java][131] - [By.xpath: //a[contains(text(),'>>')]/preceding-sibling::a[2]],元素可见!
[2016-08-16 03:46:58][INFO][Chrome Thread1][KeyWords.java][131] - [By.xpath: //span[contains(@class,'current')]],元素可见!
[2016-08-16 03:47:09][ERROR][Chrome Thread1][KeyWords.java][134] - [By.xpath: //td[contains(text(),'ZYJ20160809005')]/parent::*],元素不可见!
[2016-08-16 03:47:09][ERROR][Chrome Thread1][KeyWords.java][153] - [By.xpath: //td[contains(text(),'ZYJ20160809005')]/parent::*],元素不存在!
[2016-08-16 03:47:09][INFO][Chrome Thread1][KeyWords.java][131] - [By.xpath: //input[@value='跳转']],元素可见!
[2016-08-16 03:47:09][INFO][Chrome Thread1][KeyWords.java][150] - [By.xpath: //input[@value='跳转']],元素存在!
[2016-08-16 03:47:09][INFO][Chrome Thread1][KeyWords.java][211] - Click on [By.xpath: //a[contains(text(),'>>')]/preceding-sibling::a[1]]
[2016-08-16 03:47:09][INFO][Chrome Thread1][KeyWords.java][131] - [By.xpath: //span[contains(@class,'current')]],元素可见!
[2016-08-16 03:47:20][ERROR][Chrome Thread1][KeyWords.java][134] - [By.xpath: //td[contains(text(),'ZYJ20160809005')]/parent::*],元素不可见!
[2016-08-16 03:47:20][ERROR][Chrome Thread1][KeyWords.java][153] - [By.xpath: //td[contains(text(),'ZYJ20160809005')]/parent::*],元素不存在!
[2016-08-16 03:47:20][INFO][Chrome Thread1][KeyWords.java][131] - [By.xpath: //input[@value='跳转']],元素可见!
[2016-08-16 03:47:20][INFO][Chrome Thread1][KeyWords.java][150] - [By.xpath: //input[@value='跳转']],元素存在!
[2016-08-16 03:47:20][INFO][Chrome Thread1][KeyWords.java][211] - Click on [By.xpath: //a[contains(text(),'>>')]/preceding-sibling::a[1]]
[2016-08-16 03:47:20][INFO][Chrome Thread1][KeyWords.java][131] - [By.xpath: //span[contains(@class,'current')]],元素可见!
[2016-08-16 03:47:21][INFO][Chrome Thread1][KeyWords.java][131] - [By.xpath: //td[contains(text(),'ZYJ20160809005')]/parent::*],元素可见!
[2016-08-16 03:47:21][INFO][Chrome Thread1][KeyWords.java][150] - [By.xpath: //td[contains(text(),'ZYJ20160809005')]/parent::*],元素存在!
[2016-08-16 03:47:21][INFO][Chrome Thread1][KeyWords.java][131] - [By.xpath: //td[contains(text(),'ZYJ20160809005')]/parent::*],元素可见!
[2016-08-16 03:47:24][INFO][Chrome Thread1][KeyWords.java][131] - [By.xpath: //input[@value='跳转']],元素可见!
[2016-08-16 03:47:24][INFO][Chrome Thread1][KeyWords.java][150] - [By.xpath: //input[@value='跳转']],元素存在!
[2016-08-16 03:47:24][INFO][Chrome Thread1][KeyWords.java][211] - Click on [By.xpath: //a[contains(text(),'>>')]/preceding-sibling::a[1]]
[2016-08-16 03:47:24][INFO][Chrome Thread1][KeyWords.java][131] - [By.xpath: //span[contains(@class,'current')]],元素可见!
[2016-08-16 03:47:24][INFO][Chrome Thread1][KeyWords.java][131] - [By.xpath: //td[contains(text(),'ZYJ20160809005')]/parent::*],元素可见!
[2016-08-16 03:47:24][INFO][Chrome Thread1][KeyWords.java][150] - [By.xpath: //td[contains(text(),'ZYJ20160809005')]/parent::*],元素存在!
[2016-08-16 03:47:25][INFO][Chrome Thread1][KeyWords.java][131] - [By.xpath: //td[contains(text(),'ZYJ20160809005')]/parent::*],元素可见!
[2016-08-16 03:47:28][INFO][Chrome Thread1][KeyWords.java][131] - [By.xpath: //input[@value='跳转']],元素可见!
[2016-08-16 03:47:28][INFO][Chrome Thread1][KeyWords.java][150] - [By.xpath: //input[@value='跳转']],元素存在!
[2016-08-16 03:47:28][INFO][Chrome Thread1][KeyWords.java][211] - Click on [By.xpath: //a[contains(text(),'>>')]/preceding-sibling::a[1]]
[2016-08-16 03:47:28][INFO][Chrome Thread1][KeyWords.java][131] - [By.xpath: //span[contains(@class,'current')]],元素可见!
[2016-08-16 03:47:28][INFO][Chrome Thread1][KeyWords.java][131] - [By.xpath: //td[contains(text(),'ZYJ20160809005')]/parent::*],元素可见!
[2016-08-16 03:47:28][INFO][Chrome Thread1][KeyWords.java][150] - [By.xpath: //td[contains(text(),'ZYJ20160809005')]/parent::*],元素存在!
[2016-08-16 03:47:28][INFO][Chrome Thread1][KeyWords.java][131] - [By.xpath: //td[contains(text(),'ZYJ20160809005')]/parent::*],元素可见!
[2016-08-16 03:47:30][INFO][Chrome Thread1][KeyWords.java][131] - [By.xpath: //input[@value='跳转']],元素可见!
[2016-08-16 03:47:30][INFO][Chrome Thread1][KeyWords.java][150] - [By.xpath: //input[@value='跳转']],元素存在!
[2016-08-16 03:47:30][INFO][Chrome Thread1][TestDriver.java][109] - Driver with chrome is closed.
[2016-08-16 03:47:34][INFO][Chrome Thread1][TestDriver.java][120] - Open the ReportNG report.
[2016-08-16 05:40:02][INFO][Chrome Thread1][TestDriver.java][96] - ******************************************************************************
[2016-08-16 05:40:02][INFO][Chrome Thread1][TestDriver.java][97] - Create a Driver, Browser:chrome
[2016-08-16 05:40:08][INFO][Chrome Thread1][KeyWords.java][101] - open url - http://10.13.28.102:8080/
[2016-08-16 05:40:09][INFO][Chrome Thread1][KeyWords.java][131] - [By.xpath: //input[@id='userNo']],元素可见!
[2016-08-16 05:40:10][INFO][Chrome Thread1][KeyWords.java][249] - Set the value of [By.xpath: //input[@id='userNo']] to [wb005]
[2016-08-16 05:40:11][INFO][Chrome Thread1][KeyWords.java][131] - [By.xpath: //input[@id='pwd']],元素可见!
[2016-08-16 05:40:12][INFO][Chrome Thread1][KeyWords.java][249] - Set the value of [By.xpath: //input[@id='pwd']] to [upg2015]
[2016-08-16 05:40:12][INFO][Chrome Thread1][KeyWords.java][131] - [By.xpath: //input[@id='mi']],元素可见!
[2016-08-16 05:40:12][INFO][Chrome Thread1][KeyWords.java][211] - Click on [By.xpath: //input[@id='login_btn']]
[2016-08-16 05:40:23][ERROR][Chrome Thread1][KeyWords.java][134] - [By.xpath: //a[@id='user_name_link']],元素不可见!
[2016-08-16 05:40:23][ERROR][Chrome Thread1][KeyWords.java][153] - [By.xpath: //a[@id='user_name_link']],元素不存在!
[2016-08-16 05:40:23][ERROR][Chrome Thread1][RYS001_Payment.java][229] - 
java.lang.Exception: 登录失败！
	at com.autotest.service.bmpService.PubBmpService.login(PubBmpService.java:59)
	at com.autotest.testcases.RYS001_Payment.Test(RYS001_Payment.java:66)
	at sun.reflect.NativeMethodAccessorImpl.invoke0(Native Method)
	at sun.reflect.NativeMethodAccessorImpl.invoke(Unknown Source)
	at sun.reflect.DelegatingMethodAccessorImpl.invoke(Unknown Source)
	at java.lang.reflect.Method.invoke(Unknown Source)
	at org.testng.internal.MethodInvocationHelper.invokeMethod(MethodInvocationHelper.java:80)
	at org.testng.internal.Invoker.invokeMethod(Invoker.java:702)
	at org.testng.internal.Invoker.invokeTestMethod(Invoker.java:894)
	at org.testng.internal.Invoker.invokeTestMethods(Invoker.java:1219)
	at org.testng.internal.TestMethodWorker.invokeTestMethods(TestMethodWorker.java:127)
	at org.testng.internal.TestMethodWorker.run(TestMethodWorker.java:111)
	at org.testng.TestRunner.privateRun(TestRunner.java:768)
	at org.testng.TestRunner.run(TestRunner.java:617)
	at org.testng.SuiteRunner.runTest(SuiteRunner.java:334)
	at org.testng.SuiteRunner.access$000(SuiteRunner.java:37)
	at org.testng.SuiteRunner$SuiteWorker.run(SuiteRunner.java:368)
	at org.testng.internal.thread.ThreadUtil$2.call(ThreadUtil.java:64)
	at java.util.concurrent.FutureTask.run(Unknown Source)
	at java.util.concurrent.ThreadPoolExecutor.runWorker(Unknown Source)
	at java.util.concurrent.ThreadPoolExecutor$Worker.run(Unknown Source)
	at java.lang.Thread.run(Unknown Source)
[2016-08-16 05:40:23][INFO][Chrome Thread1][TestDriver.java][109] - Driver with chrome is closed.
[2016-08-16 05:40:24][INFO][Chrome Thread1][TestDriver.java][120] - Open the ReportNG report.
[2016-08-16 05:45:52][INFO][Chrome Thread1][TestDriver.java][96] - ******************************************************************************
[2016-08-16 05:45:52][INFO][Chrome Thread1][TestDriver.java][97] - Create a Driver, Browser:chrome
[2016-08-16 05:46:04][INFO][Chrome Thread1][KeyWords.java][101] - open url - http://10.13.28.102:8080/
[2016-08-16 05:46:04][INFO][Chrome Thread1][KeyWords.java][131] - [By.xpath: //input[@id='userNo']],元素可见!
[2016-08-16 05:46:06][INFO][Chrome Thread1][KeyWords.java][249] - Set the value of [By.xpath: //input[@id='userNo']] to [wb005]
[2016-08-16 05:46:06][INFO][Chrome Thread1][KeyWords.java][131] - [By.xpath: //input[@id='pwd']],元素可见!
[2016-08-16 05:46:07][INFO][Chrome Thread1][KeyWords.java][249] - Set the value of [By.xpath: //input[@id='pwd']] to [upg2015]
[2016-08-16 05:46:08][INFO][Chrome Thread1][KeyWords.java][131] - [By.xpath: //input[@id='mi']],元素可见!
[2016-08-16 05:46:10][INFO][Chrome Thread1][KeyWords.java][211] - Click on [By.xpath: //input[@id='login_btn']]
[2016-08-16 05:46:12][INFO][Chrome Thread1][KeyWords.java][131] - [By.xpath: //a[@id='user_name_link']],元素可见!
[2016-08-16 05:46:12][INFO][Chrome Thread1][KeyWords.java][150] - [By.xpath: //a[@id='user_name_link']],元素存在!
[2016-08-16 05:46:14][INFO][Chrome Thread1][KeyWords.java][211] - Click on [By.xpath: //div[contains(text(),'财务管理')]]
[2016-08-16 05:46:15][INFO][Chrome Thread1][KeyWords.java][211] - Click on [By.xpath: //ul[@id='menu189']/li[1]/div/span[3]]
[2016-08-16 05:46:28][ERROR][Chrome Thread1][KeyWords.java][134] - [By.id: work_frame],元素不可见!
[2016-08-16 05:46:28][ERROR][Chrome Thread1][KeyWords.java][153] - [By.id: work_frame],元素不存在!
[2016-08-16 05:46:28][INFO][Chrome Thread1][KeyWords.java][131] - [By.id: prjPay_prjName],元素可见!
[2016-08-16 05:46:29][INFO][Chrome Thread1][KeyWords.java][249] - Set the value of [By.id: prjPay_prjName] to [ZYJ20160809007]
[2016-08-16 05:46:29][INFO][Chrome Thread1][KeyWords.java][211] - Click on [By.xpath: //form[@id='queryFormForPayWait']/table/tbody/tr/td[7]/a]
[2016-08-16 05:46:39][ERROR][Chrome Thread1][KeyWords.java][134] - [By.xpath: //tr[@id='tr_dataTableForPayWait_0']/td[1]/div/a/span],元素不可见!
[2016-08-16 05:46:40][ERROR][Chrome Thread1][KeyWords.java][153] - [By.xpath: //tr[@id='tr_dataTableForPayWait_0']/td[1]/div/a/span],元素不存在!
[2016-08-16 05:46:50][ERROR][Chrome Thread1][KeyWords.java][134] - [By.xpath: //tr[@id='tr_dataTableForPayWait_0']/td[2]/div],元素不可见!
[2016-08-16 05:46:51][ERROR][Chrome Thread1][RYS001_Payment.java][229] - 
org.openqa.selenium.NoSuchElementException: no such element
  (Session info: chrome=48.0.2564.116)
  (Driver info: chromedriver=2.13.307647 (5a7d0541ebc58e69994a6fb2ed930f45261f3c29),platform=Windows NT 6.1 SP1 x86_64) (WARNING: The server did not provide any stacktrace information)
Command duration or timeout: 11 milliseconds
For documentation on this error, please visit: http://seleniumhq.org/exceptions/no_such_element.html
Build info: version: '2.53.0', revision: '35ae25b', time: '2016-03-15 17:00:58'
System info: host: 'WB0005-1', ip: '10.15.168.57', os.name: 'Windows 7', os.arch: 'x86', os.version: '6.1', java.version: '1.7.0_51'
*** Element info: {Using=xpath, value=//tr[@id='tr_dataTableForPayWait_0']/td[2]/div}
Session ID: 28194b1ff402681f42c2a6af38a1cccf
Driver info: org.openqa.selenium.chrome.ChromeDriver
Capabilities [{platform=XP, acceptSslCerts=true, javascriptEnabled=true, browserName=chrome, chrome={userDataDir=C:\Users\wb0005\AppData\Local\Temp\scoped_dir9008_7784}, rotatable=false, locationContextEnabled=true, mobileEmulationEnabled=false, version=48.0.2564.116, takesHeapSnapshot=true, cssSelectorsEnabled=true, databaseEnabled=false, handlesAlerts=true, browserConnectionEnabled=false, webStorageEnabled=true, nativeEvents=true, applicationCacheEnabled=false, takesScreenshot=true}]
Command duration or timeout: 478 milliseconds
For documentation on this error, please visit: http://seleniumhq.org/exceptions/no_such_element.html
Build info: version: '2.53.0', revision: '35ae25b', time: '2016-03-15 17:00:58'
System info: host: 'WB0005-1', ip: '10.15.168.57', os.name: 'Windows 7', os.arch: 'x86', os.version: '6.1', java.version: '1.7.0_51'
*** Element info: {Using=xpath, value=//tr[@id='tr_dataTableForPayWait_0']/td[2]/div}
Session ID: 16e43838-c7b5-4b3d-abf6-7e2a117fd56b
Driver info: org.openqa.selenium.remote.RemoteWebDriver
Capabilities [{platform=XP, acceptSslCerts=true, javascriptEnabled=true, browserName=chrome, chrome={userDataDir=C:\Users\wb0005\AppData\Local\Temp\scoped_dir9008_7784}, rotatable=false, locationContextEnabled=true, mobileEmulationEnabled=false, webdriver.remote.sessionid=16e43838-c7b5-4b3d-abf6-7e2a117fd56b, version=48.0.2564.116, takesHeapSnapshot=true, cssSelectorsEnabled=true, databaseEnabled=false, handlesAlerts=true, browserConnectionEnabled=false, webStorageEnabled=true, nativeEvents=true, applicationCacheEnabled=false, takesScreenshot=true}]
	at sun.reflect.GeneratedConstructorAccessor10.newInstance(Unknown Source)
	at sun.reflect.DelegatingConstructorAccessorImpl.newInstance(Unknown Source)
	at java.lang.reflect.Constructor.newInstance(Unknown Source)
	at org.openqa.selenium.remote.ErrorHandler.createThrowable(ErrorHandler.java:206)
	at org.openqa.selenium.remote.ErrorHandler.throwIfResponseFailed(ErrorHandler.java:158)
	at org.openqa.selenium.remote.RemoteWebDriver.execute(RemoteWebDriver.java:678)
	at org.openqa.selenium.remote.RemoteWebDriver.findElement(RemoteWebDriver.java:363)
	at org.openqa.selenium.remote.RemoteWebDriver.findElementByXPath(RemoteWebDriver.java:500)
	at org.openqa.selenium.By$ByXPath.findElement(By.java:361)
	at org.openqa.selenium.remote.RemoteWebDriver.findElement(RemoteWebDriver.java:355)
	at com.autotest.driver.KeyWords.getText(KeyWords.java:307)
	at com.autotest.service.bmpService.Loan.Checkprod(Loan.java:59)
	at com.autotest.testcases.RYS001_Payment.Test(RYS001_Payment.java:82)
	at sun.reflect.NativeMethodAccessorImpl.invoke0(Native Method)
	at sun.reflect.NativeMethodAccessorImpl.invoke(Unknown Source)
	at sun.reflect.DelegatingMethodAccessorImpl.invoke(Unknown Source)
	at java.lang.reflect.Method.invoke(Unknown Source)
	at org.testng.internal.MethodInvocationHelper.invokeMethod(MethodInvocationHelper.java:80)
	at org.testng.internal.Invoker.invokeMethod(Invoker.java:702)
	at org.testng.internal.Invoker.invokeTestMethod(Invoker.java:894)
	at org.testng.internal.Invoker.invokeTestMethods(Invoker.java:1219)
	at org.testng.internal.TestMethodWorker.invokeTestMethods(TestMethodWorker.java:127)
	at org.testng.internal.TestMethodWorker.run(TestMethodWorker.java:111)
	at org.testng.TestRunner.privateRun(TestRunner.java:768)
	at org.testng.TestRunner.run(TestRunner.java:617)
	at org.testng.SuiteRunner.runTest(SuiteRunner.java:334)
	at org.testng.SuiteRunner.access$000(SuiteRunner.java:37)
	at org.testng.SuiteRunner$SuiteWorker.run(SuiteRunner.java:368)
	at org.testng.internal.thread.ThreadUtil$2.call(ThreadUtil.java:64)
	at java.util.concurrent.FutureTask.run(Unknown Source)
	at java.util.concurrent.ThreadPoolExecutor.runWorker(Unknown Source)
	at java.util.concurrent.ThreadPoolExecutor$Worker.run(Unknown Source)
	at java.lang.Thread.run(Unknown Source)
Caused by: org.openqa.selenium.remote.ScreenshotException: Screen shot has been taken
Build info: version: '2.53.0', revision: '35ae25b', time: '2016-03-15 17:00:58'
System info: host: 'WB0005-1', ip: '10.15.168.57', os.name: 'Windows 7', os.arch: 'x86', os.version: '6.1', java.version: '1.7.0_51'
Driver info: driver.version: RemoteWebDriver
	at org.openqa.selenium.remote.ErrorHandler.throwIfResponseFailed(ErrorHandler.java:138)
	... 28 more
Caused by: org.openqa.selenium.NoSuchElementException: no such element
  (Session info: chrome=48.0.2564.116)
  (Driver info: chromedriver=2.13.307647 (5a7d0541ebc58e69994a6fb2ed930f45261f3c29),platform=Windows NT 6.1 SP1 x86_64) (WARNING: The server did not provide any stacktrace information)
Command duration or timeout: 11 milliseconds
For documentation on this error, please visit: http://seleniumhq.org/exceptions/no_such_element.html
Build info: version: '2.53.0', revision: '35ae25b', time: '2016-03-15 17:00:58'
System info: host: 'WB0005-1', ip: '10.15.168.57', os.name: 'Windows 7', os.arch: 'x86', os.version: '6.1', java.version: '1.7.0_51'
*** Element info: {Using=xpath, value=//tr[@id='tr_dataTableForPayWait_0']/td[2]/div}
Session ID: 28194b1ff402681f42c2a6af38a1cccf
Driver info: org.openqa.selenium.chrome.ChromeDriver
Capabilities [{platform=XP, acceptSslCerts=true, javascriptEnabled=true, browserName=chrome, chrome={userDataDir=C:\Users\wb0005\AppData\Local\Temp\scoped_dir9008_7784}, rotatable=false, locationContextEnabled=true, mobileEmulationEnabled=false, version=48.0.2564.116, takesHeapSnapshot=true, cssSelectorsEnabled=true, databaseEnabled=false, handlesAlerts=true, browserConnectionEnabled=false, webStorageEnabled=true, nativeEvents=true, applicationCacheEnabled=false, takesScreenshot=true}]
For documentation on this error, please visit: http://seleniumhq.org/exceptions/no_such_element.html
Build info: version: '2.53.0', revision: '35ae25b', time: '2016-03-15 17:00:58'
System info: host: 'WB0005-1', ip: '10.15.168.57', os.name: 'Windows 7', os.arch: 'x86', os.version: '6.1', java.version: '1.7.0_51'
Driver info: driver.version: EventFiringWebDriver
	at sun.reflect.GeneratedConstructorAccessor18.newInstance(Unknown Source)
	at sun.reflect.DelegatingConstructorAccessorImpl.newInstance(Unknown Source)
	at java.lang.reflect.Constructor.newInstance(Unknown Source)
	at org.openqa.selenium.remote.ErrorHandler.createThrowable(ErrorHandler.java:206)
	at org.openqa.selenium.remote.ErrorHandler.throwIfResponseFailed(ErrorHandler.java:158)
	at org.openqa.selenium.remote.RemoteWebDriver.execute(RemoteWebDriver.java:678)
	at org.openqa.selenium.remote.RemoteWebDriver.findElement(RemoteWebDriver.java:363)
	at org.openqa.selenium.remote.RemoteWebDriver.findElementByXPath(RemoteWebDriver.java:500)
	at org.openqa.selenium.By$ByXPath.findElement(By.java:361)
	at org.openqa.selenium.remote.RemoteWebDriver.findElement(RemoteWebDriver.java:355)
	at sun.reflect.GeneratedMethodAccessor14.invoke(Unknown Source)
	at sun.reflect.DelegatingMethodAccessorImpl.invoke(Unknown Source)
	at java.lang.reflect.Method.invoke(Unknown Source)
	at org.openqa.selenium.support.events.EventFiringWebDriver$2.invoke(EventFiringWebDriver.java:103)
	at com.sun.proxy.$Proxy1.findElement(Unknown Source)
	at org.openqa.selenium.support.events.EventFiringWebDriver.findElement(EventFiringWebDriver.java:188)
	at org.openqa.selenium.remote.server.handler.FindElement.call(FindElement.java:48)
	at org.openqa.selenium.remote.server.handler.FindElement.call(FindElement.java:1)
	at java.util.concurrent.FutureTask.run(Unknown Source)
	at org.openqa.selenium.remote.server.DefaultSession$1.run(DefaultSession.java:176)
	... 3 more
[2016-08-16 05:46:51][INFO][Chrome Thread1][TestDriver.java][109] - Driver with chrome is closed.
[2016-08-16 05:46:52][INFO][Chrome Thread1][TestDriver.java][120] - Open the ReportNG report.
