2016-09-05 11:09:30,389 ERROR [com.autotest.driver.KeyWords.isElementVisible(KeyWords.java:151)] [By.xpath: //input[@id='authCode']],元素不可见!
2016-09-05 11:09:53,412 ERROR [com.autotest.driver.KeyWords.isElementVisible(KeyWords.java:151)] [By.xpath: //a[contains(text(),'YYS20160905006')]],元素不可见!
2016-09-05 11:09:53,826 ERROR [com.autotest.driver.KeyWords.isElementExist(KeyWords.java:170)] [By.xpath: //a[contains(text(),'YYS20160905006')]],元素不存在!
2016-09-05 11:10:04,738 ERROR [com.autotest.driver.KeyWords.isElementVisible(KeyWords.java:151)] [By.xpath: //a[contains(text(),'YYS20160905006')]],元素不可见!
2016-09-05 11:10:05,147 ERROR [com.autotest.driver.KeyWords.isElementExist(KeyWords.java:170)] [By.xpath: //a[contains(text(),'YYS20160905006')]],元素不存在!
2016-09-05 11:10:16,034 ERROR [com.autotest.driver.KeyWords.isElementVisible(KeyWords.java:151)] [By.xpath: //a[contains(text(),'YYS20160905006')]],元素不可见!
2016-09-05 11:10:16,511 ERROR [com.autotest.driver.KeyWords.isElementExist(KeyWords.java:170)] [By.xpath: //a[contains(text(),'YYS20160905006')]],元素不存在!
2016-09-05 11:10:28,267 ERROR [com.autotest.driver.KeyWords.isElementVisible(KeyWords.java:151)] [By.xpath: //a[contains(text(),'YYS20160905006')]/ancestor::div[@class='proListLeft']/following-sibling::*/descendant::div[@class='propress-balance']],元素不可见!
2016-09-05 11:10:28,738 ERROR [com.autotest.testcases.YYS003_UserInvest.test(YYS003_UserInvest.java:387)] no such element
  (Session info: chrome=48.0.2564.116)
  (Driver info: chromedriver=2.13.307647 (5a7d0541ebc58e69994a6fb2ed930f45261f3c29),platform=Windows NT 6.1 SP1 x86_64) (WARNING: The server did not provide any stacktrace information)
Command duration or timeout: 11 milliseconds
For documentation on this error, please visit: http://seleniumhq.org/exceptions/no_such_element.html
Build info: version: '2.53.0', revision: '35ae25b', time: '2016-03-15 17:00:58'
System info: host: 'WB0005-1', ip: '10.15.168.57', os.name: 'Windows 7', os.arch: 'x86', os.version: '6.1', java.version: '1.7.0_51'
*** Element info: {Using=xpath, value=//a[contains(text(),'YYS20160905006')]/ancestor::div[@class='proListLeft']/following-sibling::*/descendant::div[@class='propress-balance']}
Session ID: acbff0bf40a9cf8e003e145507ec46b6
Driver info: org.openqa.selenium.chrome.ChromeDriver
Capabilities [{platform=XP, acceptSslCerts=true, javascriptEnabled=true, browserName=chrome, chrome={userDataDir=C:\Users\wb0005\AppData\Local\Temp\scoped_dir3100_11335}, rotatable=false, locationContextEnabled=true, mobileEmulationEnabled=false, version=48.0.2564.116, takesHeapSnapshot=true, cssSelectorsEnabled=true, databaseEnabled=false, handlesAlerts=true, browserConnectionEnabled=false, webStorageEnabled=true, nativeEvents=true, applicationCacheEnabled=false, takesScreenshot=true}]
Command duration or timeout: 418 milliseconds
For documentation on this error, please visit: http://seleniumhq.org/exceptions/no_such_element.html
Build info: version: '2.53.0', revision: '35ae25b', time: '2016-03-15 17:00:58'
System info: host: 'WB0005-1', ip: '10.15.168.57', os.name: 'Windows 7', os.arch: 'x86', os.version: '6.1', java.version: '1.7.0_51'
*** Element info: {Using=xpath, value=//a[contains(text(),'YYS20160905006')]/ancestor::div[@class='proListLeft']/following-sibling::*/descendant::div[@class='propress-balance']}
Session ID: 488aeb7e-88f3-48d5-a583-c2f13c85af31
Driver info: org.openqa.selenium.remote.RemoteWebDriver
Capabilities [{platform=XP, acceptSslCerts=true, javascriptEnabled=true, browserName=chrome, chrome={userDataDir=C:\Users\wb0005\AppData\Local\Temp\scoped_dir3100_11335}, rotatable=false, locationContextEnabled=true, mobileEmulationEnabled=false, webdriver.remote.sessionid=488aeb7e-88f3-48d5-a583-c2f13c85af31, version=48.0.2564.116, takesHeapSnapshot=true, cssSelectorsEnabled=true, databaseEnabled=false, handlesAlerts=true, browserConnectionEnabled=false, webStorageEnabled=true, nativeEvents=true, applicationCacheEnabled=false, takesScreenshot=true}]
org.openqa.selenium.NoSuchElementException: no such element
  (Session info: chrome=48.0.2564.116)
  (Driver info: chromedriver=2.13.307647 (5a7d0541ebc58e69994a6fb2ed930f45261f3c29),platform=Windows NT 6.1 SP1 x86_64) (WARNING: The server did not provide any stacktrace information)
Command duration or timeout: 11 milliseconds
For documentation on this error, please visit: http://seleniumhq.org/exceptions/no_such_element.html
Build info: version: '2.53.0', revision: '35ae25b', time: '2016-03-15 17:00:58'
System info: host: 'WB0005-1', ip: '10.15.168.57', os.name: 'Windows 7', os.arch: 'x86', os.version: '6.1', java.version: '1.7.0_51'
*** Element info: {Using=xpath, value=//a[contains(text(),'YYS20160905006')]/ancestor::div[@class='proListLeft']/following-sibling::*/descendant::div[@class='propress-balance']}
Session ID: acbff0bf40a9cf8e003e145507ec46b6
Driver info: org.openqa.selenium.chrome.ChromeDriver
Capabilities [{platform=XP, acceptSslCerts=true, javascriptEnabled=true, browserName=chrome, chrome={userDataDir=C:\Users\wb0005\AppData\Local\Temp\scoped_dir3100_11335}, rotatable=false, locationContextEnabled=true, mobileEmulationEnabled=false, version=48.0.2564.116, takesHeapSnapshot=true, cssSelectorsEnabled=true, databaseEnabled=false, handlesAlerts=true, browserConnectionEnabled=false, webStorageEnabled=true, nativeEvents=true, applicationCacheEnabled=false, takesScreenshot=true}]
Command duration or timeout: 418 milliseconds
For documentation on this error, please visit: http://seleniumhq.org/exceptions/no_such_element.html
Build info: version: '2.53.0', revision: '35ae25b', time: '2016-03-15 17:00:58'
System info: host: 'WB0005-1', ip: '10.15.168.57', os.name: 'Windows 7', os.arch: 'x86', os.version: '6.1', java.version: '1.7.0_51'
*** Element info: {Using=xpath, value=//a[contains(text(),'YYS20160905006')]/ancestor::div[@class='proListLeft']/following-sibling::*/descendant::div[@class='propress-balance']}
Session ID: 488aeb7e-88f3-48d5-a583-c2f13c85af31
Driver info: org.openqa.selenium.remote.RemoteWebDriver
Capabilities [{platform=XP, acceptSslCerts=true, javascriptEnabled=true, browserName=chrome, chrome={userDataDir=C:\Users\wb0005\AppData\Local\Temp\scoped_dir3100_11335}, rotatable=false, locationContextEnabled=true, mobileEmulationEnabled=false, webdriver.remote.sessionid=488aeb7e-88f3-48d5-a583-c2f13c85af31, version=48.0.2564.116, takesHeapSnapshot=true, cssSelectorsEnabled=true, databaseEnabled=false, handlesAlerts=true, browserConnectionEnabled=false, webStorageEnabled=true, nativeEvents=true, applicationCacheEnabled=false, takesScreenshot=true}]
	at sun.reflect.GeneratedConstructorAccessor11.newInstance(Unknown Source)
	at sun.reflect.DelegatingConstructorAccessorImpl.newInstance(Unknown Source)
	at java.lang.reflect.Constructor.newInstance(Unknown Source)
	at org.openqa.selenium.remote.ErrorHandler.createThrowable(ErrorHandler.java:206)
	at org.openqa.selenium.remote.ErrorHandler.throwIfResponseFailed(ErrorHandler.java:158)
	at org.openqa.selenium.remote.RemoteWebDriver.execute(RemoteWebDriver.java:678)
	at org.openqa.selenium.remote.RemoteWebDriver.findElement(RemoteWebDriver.java:363)
	at org.openqa.selenium.remote.RemoteWebDriver.findElementByXPath(RemoteWebDriver.java:500)
	at org.openqa.selenium.By$ByXPath.findElement(By.java:361)
	at org.openqa.selenium.remote.RemoteWebDriver.findElement(RemoteWebDriver.java:355)
	at com.autotest.driver.KeyWords.getText(KeyWords.java:337)
	at com.autotest.service.xhhService.InvestFinanceService.checkProductBalance(InvestFinanceService.java:256)
	at com.autotest.testcases.YYS003_UserInvest.test(YYS003_UserInvest.java:143)
	at sun.reflect.NativeMethodAccessorImpl.invoke0(Native Method)
	at sun.reflect.NativeMethodAccessorImpl.invoke(Unknown Source)
	at sun.reflect.DelegatingMethodAccessorImpl.invoke(Unknown Source)
	at java.lang.reflect.Method.invoke(Unknown Source)
	at org.testng.internal.MethodInvocationHelper.invokeMethod(MethodInvocationHelper.java:80)
	at org.testng.internal.Invoker.invokeMethod(Invoker.java:702)
	at org.testng.internal.Invoker.invokeTestMethod(Invoker.java:894)
	at org.testng.internal.Invoker.invokeTestMethods(Invoker.java:1219)
	at org.testng.internal.TestMethodWorker.invokeTestMethods(TestMethodWorker.java:127)
	at org.testng.internal.TestMethodWorker.run(TestMethodWorker.java:111)
	at org.testng.TestRunner.privateRun(TestRunner.java:768)
	at org.testng.TestRunner.run(TestRunner.java:617)
	at org.testng.SuiteRunner.runTest(SuiteRunner.java:334)
	at org.testng.SuiteRunner.access$000(SuiteRunner.java:37)
	at org.testng.SuiteRunner$SuiteWorker.run(SuiteRunner.java:368)
	at org.testng.internal.thread.ThreadUtil$2.call(ThreadUtil.java:64)
	at java.util.concurrent.FutureTask.run(Unknown Source)
	at java.util.concurrent.ThreadPoolExecutor.runWorker(Unknown Source)
	at java.util.concurrent.ThreadPoolExecutor$Worker.run(Unknown Source)
	at java.lang.Thread.run(Unknown Source)
Caused by: org.openqa.selenium.remote.ScreenshotException: Screen shot has been taken
Build info: version: '2.53.0', revision: '35ae25b', time: '2016-03-15 17:00:58'
System info: host: 'WB0005-1', ip: '10.15.168.57', os.name: 'Windows 7', os.arch: 'x86', os.version: '6.1', java.version: '1.7.0_51'
Driver info: driver.version: RemoteWebDriver
	at org.openqa.selenium.remote.ErrorHandler.throwIfResponseFailed(ErrorHandler.java:138)
	... 28 more
Caused by: org.openqa.selenium.NoSuchElementException: no such element
  (Session info: chrome=48.0.2564.116)
  (Driver info: chromedriver=2.13.307647 (5a7d0541ebc58e69994a6fb2ed930f45261f3c29),platform=Windows NT 6.1 SP1 x86_64) (WARNING: The server did not provide any stacktrace information)
Command duration or timeout: 11 milliseconds
For documentation on this error, please visit: http://seleniumhq.org/exceptions/no_such_element.html
Build info: version: '2.53.0', revision: '35ae25b', time: '2016-03-15 17:00:58'
System info: host: 'WB0005-1', ip: '10.15.168.57', os.name: 'Windows 7', os.arch: 'x86', os.version: '6.1', java.version: '1.7.0_51'
*** Element info: {Using=xpath, value=//a[contains(text(),'YYS20160905006')]/ancestor::div[@class='proListLeft']/following-sibling::*/descendant::div[@class='propress-balance']}
Session ID: acbff0bf40a9cf8e003e145507ec46b6
Driver info: org.openqa.selenium.chrome.ChromeDriver
Capabilities [{platform=XP, acceptSslCerts=true, javascriptEnabled=true, browserName=chrome, chrome={userDataDir=C:\Users\wb0005\AppData\Local\Temp\scoped_dir3100_11335}, rotatable=false, locationContextEnabled=true, mobileEmulationEnabled=false, version=48.0.2564.116, takesHeapSnapshot=true, cssSelectorsEnabled=true, databaseEnabled=false, handlesAlerts=true, browserConnectionEnabled=false, webStorageEnabled=true, nativeEvents=true, applicationCacheEnabled=false, takesScreenshot=true}]
For documentation on this error, please visit: http://seleniumhq.org/exceptions/no_such_element.html
Build info: version: '2.53.0', revision: '35ae25b', time: '2016-03-15 17:00:58'
System info: host: 'WB0005-1', ip: '10.15.168.57', os.name: 'Windows 7', os.arch: 'x86', os.version: '6.1', java.version: '1.7.0_51'
Driver info: driver.version: EventFiringWebDriver
	at sun.reflect.GeneratedConstructorAccessor14.newInstance(Unknown Source)
	at sun.reflect.DelegatingConstructorAccessorImpl.newInstance(Unknown Source)
	at java.lang.reflect.Constructor.newInstance(Unknown Source)
	at org.openqa.selenium.remote.ErrorHandler.createThrowable(ErrorHandler.java:206)
	at org.openqa.selenium.remote.ErrorHandler.throwIfResponseFailed(ErrorHandler.java:158)
	at org.openqa.selenium.remote.RemoteWebDriver.execute(RemoteWebDriver.java:678)
	at org.openqa.selenium.remote.RemoteWebDriver.findElement(RemoteWebDriver.java:363)
	at org.openqa.selenium.remote.RemoteWebDriver.findElementByXPath(RemoteWebDriver.java:500)
	at org.openqa.selenium.By$ByXPath.findElement(By.java:361)
	at org.openqa.selenium.remote.RemoteWebDriver.findElement(RemoteWebDriver.java:355)
	at sun.reflect.GeneratedMethodAccessor16.invoke(Unknown Source)
	at sun.reflect.DelegatingMethodAccessorImpl.invoke(Unknown Source)
	at java.lang.reflect.Method.invoke(Unknown Source)
	at org.openqa.selenium.support.events.EventFiringWebDriver$2.invoke(EventFiringWebDriver.java:103)
	at com.sun.proxy.$Proxy1.findElement(Unknown Source)
	at org.openqa.selenium.support.events.EventFiringWebDriver.findElement(EventFiringWebDriver.java:188)
	at org.openqa.selenium.remote.server.handler.FindElement.call(FindElement.java:48)
	at org.openqa.selenium.remote.server.handler.FindElement.call(FindElement.java:1)
	at java.util.concurrent.FutureTask.run(Unknown Source)
	at org.openqa.selenium.remote.server.DefaultSession$1.run(DefaultSession.java:176)
	... 3 more
2016-09-05 11:11:52,136 ERROR [com.autotest.driver.KeyWords.isElementVisible(KeyWords.java:151)] [By.xpath: //input[@id='authCode']],元素不可见!
2016-09-05 11:12:14,683 ERROR [com.autotest.utility.StringUtils.isEquals(StringUtils.java:81)] 期望值:我要理财-投资成功;与实际值:月益升 -经营贷-鑫合汇不等！
2016-09-05 11:12:14,835 ERROR [com.autotest.testcases.YYS003_UserInvest.test(YYS003_UserInvest.java:281)] 用户投资失败
2016-09-05 11:12:15,305 ERROR [com.autotest.testcases.YYS003_UserInvest.test(YYS003_UserInvest.java:387)] 投资失败
java.lang.Exception: 投资失败
	at com.autotest.testcases.YYS003_UserInvest.test(YYS003_UserInvest.java:285)
	at sun.reflect.NativeMethodAccessorImpl.invoke0(Native Method)
	at sun.reflect.NativeMethodAccessorImpl.invoke(Unknown Source)
	at sun.reflect.DelegatingMethodAccessorImpl.invoke(Unknown Source)
	at java.lang.reflect.Method.invoke(Unknown Source)
	at org.testng.internal.MethodInvocationHelper.invokeMethod(MethodInvocationHelper.java:80)
	at org.testng.internal.Invoker.invokeMethod(Invoker.java:702)
	at org.testng.internal.Invoker.invokeTestMethod(Invoker.java:894)
	at org.testng.internal.Invoker.invokeTestMethods(Invoker.java:1219)
	at org.testng.internal.TestMethodWorker.invokeTestMethods(TestMethodWorker.java:127)
	at org.testng.internal.TestMethodWorker.run(TestMethodWorker.java:111)
	at org.testng.TestRunner.privateRun(TestRunner.java:768)
	at org.testng.TestRunner.run(TestRunner.java:617)
	at org.testng.SuiteRunner.runTest(SuiteRunner.java:334)
	at org.testng.SuiteRunner.access$000(SuiteRunner.java:37)
	at org.testng.SuiteRunner$SuiteWorker.run(SuiteRunner.java:368)
	at org.testng.internal.thread.ThreadUtil$2.call(ThreadUtil.java:64)
	at java.util.concurrent.FutureTask.run(Unknown Source)
	at java.util.concurrent.ThreadPoolExecutor.runWorker(Unknown Source)
	at java.util.concurrent.ThreadPoolExecutor$Worker.run(Unknown Source)
	at java.lang.Thread.run(Unknown Source)
2016-09-05 11:24:14,817 ERROR [com.autotest.driver.KeyWords.isElementVisible(KeyWords.java:151)] [By.xpath: //input[@id='authCode']],元素不可见!
2016-09-05 11:24:26,768 ERROR [com.autotest.utility.StringUtils.isEquals(StringUtils.java:81)] 期望值:90000.00;与实际值:89000.00不等！
2016-09-05 11:24:26,769 ERROR [com.autotest.testcases.YYS003_UserInvest.test(YYS003_UserInvest.java:147)] 【月益升】产品余额校验失败
2016-09-05 11:24:26,933 ERROR [com.autotest.utility.StringUtils.isEquals(StringUtils.java:81)] 期望值:0;与实际值:1不等！
2016-09-05 11:24:26,933 ERROR [com.autotest.testcases.YYS003_UserInvest.test(YYS003_UserInvest.java:157)] 【月益升】产品投资比例校验失败
2016-09-05 11:24:30,590 ERROR [com.autotest.utility.StringUtils.isEquals(StringUtils.java:114)] balance期望值:90000.00;与实际值:89000.00不等！
2016-09-05 11:24:30,590 ERROR [com.autotest.utility.StringUtils.isEquals(StringUtils.java:114)] collect期望值:0.00;与实际值:1000.00不等！
2016-09-05 11:24:30,590 ERROR [com.autotest.testcases.YYS003_UserInvest.test(YYS003_UserInvest.java:208)] 【详情页面】字段校验失败
2016-09-05 11:24:38,715 ERROR [com.autotest.utility.StringUtils.isEquals(StringUtils.java:81)] 期望值:我要理财-投资成功;与实际值:月益升 -经营贷-鑫合汇不等！
2016-09-05 11:24:38,917 ERROR [com.autotest.testcases.YYS003_UserInvest.test(YYS003_UserInvest.java:281)] 用户投资失败
2016-09-05 11:24:39,227 ERROR [com.autotest.testcases.YYS003_UserInvest.test(YYS003_UserInvest.java:387)] 投资失败
java.lang.Exception: 投资失败
	at com.autotest.testcases.YYS003_UserInvest.test(YYS003_UserInvest.java:285)
	at sun.reflect.NativeMethodAccessorImpl.invoke0(Native Method)
	at sun.reflect.NativeMethodAccessorImpl.invoke(Unknown Source)
	at sun.reflect.DelegatingMethodAccessorImpl.invoke(Unknown Source)
	at java.lang.reflect.Method.invoke(Unknown Source)
	at org.testng.internal.MethodInvocationHelper.invokeMethod(MethodInvocationHelper.java:80)
	at org.testng.internal.Invoker.invokeMethod(Invoker.java:702)
	at org.testng.internal.Invoker.invokeTestMethod(Invoker.java:894)
	at org.testng.internal.Invoker.invokeTestMethods(Invoker.java:1219)
	at org.testng.internal.TestMethodWorker.invokeTestMethods(TestMethodWorker.java:127)
	at org.testng.internal.TestMethodWorker.run(TestMethodWorker.java:111)
	at org.testng.TestRunner.privateRun(TestRunner.java:768)
	at org.testng.TestRunner.run(TestRunner.java:617)
	at org.testng.SuiteRunner.runTest(SuiteRunner.java:334)
	at org.testng.SuiteRunner.access$000(SuiteRunner.java:37)
	at org.testng.SuiteRunner$SuiteWorker.run(SuiteRunner.java:368)
	at org.testng.internal.thread.ThreadUtil$2.call(ThreadUtil.java:64)
	at java.util.concurrent.FutureTask.run(Unknown Source)
	at java.util.concurrent.ThreadPoolExecutor.runWorker(Unknown Source)
	at java.util.concurrent.ThreadPoolExecutor$Worker.run(Unknown Source)
	at java.lang.Thread.run(Unknown Source)
2016-09-05 14:44:22,791 ERROR [com.autotest.driver.KeyWords.isElementVisible(KeyWords.java:151)] [By.id: work_frame],元素不可见!
2016-09-05 14:44:23,388 ERROR [com.autotest.driver.KeyWords.isElementExist(KeyWords.java:170)] [By.id: work_frame],元素不存在!
2016-09-05 14:44:52,218 ERROR [com.autotest.driver.KeyWords.isElementVisible(KeyWords.java:151)] [By.xpath: //input[@id='authCode']],元素不可见!
2016-09-05 14:45:02,886 ERROR [com.autotest.service.xhhService.PubXhhService.checkReturnMoneyCalendar(PubXhhService.java:258)] 预期值与实际值不匹配
2016-09-05 14:45:02,886 ERROR [com.autotest.testcases.YYS003_Payment.Test(YYS003_Payment.java:178)] 回款日历校验失败！
2016-09-05 14:45:14,176 ERROR [com.autotest.driver.KeyWords.isElementVisible(KeyWords.java:151)] [By.xpath: //div[@id='container']/div[1]/div[1]/div[1]/div[2]/div[2]/div[2]/ul/li[2]/h3],元素不可见!
2016-09-05 14:45:14,623 ERROR [com.autotest.driver.KeyWords.isElementExist(KeyWords.java:170)] [By.xpath: //div[@id='container']/div[1]/div[1]/div[1]/div[2]/div[2]/div[2]/ul/li[2]/h3],元素不存在!
2016-09-05 14:45:17,809 ERROR [com.autotest.utility.StringUtils.isEquals(StringUtils.java:114)] profit期望值:246.57;与实际值:249.30不等！
2016-09-05 14:45:17,810 ERROR [com.autotest.testcases.YYS003_Payment.Test(YYS003_Payment.java:232)] 【理财记录】校验数据失败
2016-09-05 14:45:34,477 ERROR [com.autotest.driver.KeyWords.isElementVisible(KeyWords.java:151)] [By.xpath: //input[@id='authCode']],元素不可见!
2016-09-05 14:45:44,789 ERROR [com.autotest.service.xhhService.PubXhhService.checkReturnMoneyCalendar(PubXhhService.java:258)] 预期值与实际值不匹配
2016-09-05 14:45:44,790 ERROR [com.autotest.testcases.YYS003_Payment.Test(YYS003_Payment.java:178)] 回款日历校验失败！
2016-09-05 14:45:56,088 ERROR [com.autotest.driver.KeyWords.isElementVisible(KeyWords.java:151)] [By.xpath: //div[@id='container']/div[1]/div[1]/div[1]/div[2]/div[2]/div[2]/ul/li[2]/h3],元素不可见!
2016-09-05 14:45:56,695 ERROR [com.autotest.driver.KeyWords.isElementExist(KeyWords.java:170)] [By.xpath: //div[@id='container']/div[1]/div[1]/div[1]/div[2]/div[2]/div[2]/ul/li[2]/h3],元素不存在!
2016-09-05 14:46:00,740 ERROR [com.autotest.utility.StringUtils.isEquals(StringUtils.java:114)] profit期望值:49.31;与实际值:49.85不等！
2016-09-05 14:46:00,741 ERROR [com.autotest.testcases.YYS003_Payment.Test(YYS003_Payment.java:232)] 【理财记录】校验数据失败
2016-09-05 14:46:18,481 ERROR [com.autotest.driver.KeyWords.isElementVisible(KeyWords.java:151)] [By.xpath: //input[@id='authCode']],元素不可见!
2016-09-05 14:46:21,457 ERROR [com.autotest.utility.StringUtils.isEquals(StringUtils.java:114)] balance期望值:35000.00;与实际值:15000.00不等！
2016-09-05 14:46:21,459 ERROR [com.autotest.testcases.YYS003_Payment.Test(YYS003_Payment.java:157)] 【账户总览】页面字段校验失败
2016-09-05 14:46:26,232 ERROR [com.autotest.service.xhhService.PubXhhService.checkReturnMoneyCalendar(PubXhhService.java:258)] 预期值与实际值不匹配
2016-09-05 14:46:26,232 ERROR [com.autotest.testcases.YYS003_Payment.Test(YYS003_Payment.java:178)] 回款日历校验失败！
2016-09-05 14:46:37,470 ERROR [com.autotest.driver.KeyWords.isElementVisible(KeyWords.java:151)] [By.xpath: //div[@id='container']/div[1]/div[1]/div[1]/div[2]/div[2]/div[2]/ul/li[2]/h3],元素不可见!
2016-09-05 14:46:37,957 ERROR [com.autotest.driver.KeyWords.isElementExist(KeyWords.java:170)] [By.xpath: //div[@id='container']/div[1]/div[1]/div[1]/div[2]/div[2]/div[2]/ul/li[2]/h3],元素不存在!
2016-09-05 14:46:41,035 ERROR [com.autotest.utility.StringUtils.isEquals(StringUtils.java:114)] profit期望值:1726.02;与实际值:1745.19不等！
2016-09-05 14:46:41,036 ERROR [com.autotest.testcases.YYS003_Payment.Test(YYS003_Payment.java:232)] 【理财记录】校验数据失败
2016-09-05 14:46:55,489 ERROR [com.autotest.driver.KeyWords.isElementVisible(KeyWords.java:151)] [By.xpath: //input[@id='authCode']],元素不可见!
2016-09-05 14:47:03,207 ERROR [com.autotest.service.xhhService.PubXhhService.checkReturnMoneyCalendar(PubXhhService.java:258)] 预期值与实际值不匹配
2016-09-05 14:47:03,208 ERROR [com.autotest.testcases.YYS003_Payment.Test(YYS003_Payment.java:178)] 回款日历校验失败！
2016-09-05 14:47:15,368 ERROR [com.autotest.driver.KeyWords.isElementVisible(KeyWords.java:151)] [By.xpath: //div[@id='container']/div[1]/div[1]/div[1]/div[2]/div[2]/div[2]/ul/li[2]/h3],元素不可见!
2016-09-05 14:47:15,809 ERROR [com.autotest.driver.KeyWords.isElementExist(KeyWords.java:170)] [By.xpath: //div[@id='container']/div[1]/div[1]/div[1]/div[2]/div[2]/div[2]/ul/li[2]/h3],元素不存在!
2016-09-05 14:47:18,834 ERROR [com.autotest.utility.StringUtils.isEquals(StringUtils.java:114)] profit期望值:2376.98;与实际值:2403.39不等！
2016-09-05 14:47:18,835 ERROR [com.autotest.testcases.YYS003_Payment.Test(YYS003_Payment.java:232)] 【理财记录】校验数据失败
2016-09-05 14:47:33,549 ERROR [com.autotest.driver.KeyWords.isElementVisible(KeyWords.java:151)] [By.xpath: //input[@id='authCode']],元素不可见!
2016-09-05 14:47:41,221 ERROR [com.autotest.service.xhhService.PubXhhService.checkReturnMoneyCalendar(PubXhhService.java:258)] 预期值与实际值不匹配
2016-09-05 14:47:41,221 ERROR [com.autotest.testcases.YYS003_Payment.Test(YYS003_Payment.java:178)] 回款日历校验失败！
2016-09-05 14:47:52,450 ERROR [com.autotest.driver.KeyWords.isElementVisible(KeyWords.java:151)] [By.xpath: //div[@id='container']/div[1]/div[1]/div[1]/div[2]/div[2]/div[2]/ul/li[2]/h3],元素不可见!
2016-09-05 14:47:52,889 ERROR [com.autotest.driver.KeyWords.isElementExist(KeyWords.java:170)] [By.xpath: //div[@id='container']/div[1]/div[1]/div[1]/div[2]/div[2]/div[2]/ul/li[2]/h3],元素不存在!
2016-09-05 14:47:56,835 ERROR [com.autotest.utility.StringUtils.isEquals(StringUtils.java:114)] profit期望值:39.45;与实际值:39.88不等！
2016-09-05 14:47:56,835 ERROR [com.autotest.testcases.YYS003_Payment.Test(YYS003_Payment.java:232)] 【理财记录】校验数据失败
2016-09-05 14:48:11,484 ERROR [com.autotest.driver.KeyWords.isElementVisible(KeyWords.java:151)] [By.xpath: //input[@id='authCode']],元素不可见!
2016-09-05 14:48:23,774 ERROR [com.autotest.driver.KeyWords.isElementVisible(KeyWords.java:151)] [By.xpath: //div[@id='imptWrap']/span],元素不可见!
2016-09-05 14:48:24,347 ERROR [com.autotest.driver.KeyWords.isElementExist(KeyWords.java:170)] [By.xpath: //div[@id='imptWrap']/span],元素不存在!
2016-09-05 14:48:43,996 ERROR [com.autotest.driver.KeyWords.isElementVisible(KeyWords.java:151)] [By.xpath: //input[@value='跳转']],元素不可见!
2016-09-05 14:48:44,521 ERROR [com.autotest.driver.KeyWords.isElementExist(KeyWords.java:170)] [By.xpath: //input[@value='跳转']],元素不存在!
2016-09-05 14:48:55,508 ERROR [com.autotest.driver.KeyWords.isElementVisible(KeyWords.java:151)] [By.xpath: //input[@value='跳转']],元素不可见!
2016-09-05 14:48:56,043 ERROR [com.autotest.driver.KeyWords.isElementExist(KeyWords.java:170)] [By.xpath: //input[@value='跳转']],元素不存在!
2016-09-05 14:49:07,063 ERROR [com.autotest.driver.KeyWords.isElementVisible(KeyWords.java:151)] [By.xpath: //span[contains(text(),'2016-09-05 14:55')]/parent::*],元素不可见!
2016-09-05 14:49:07,589 ERROR [com.autotest.driver.KeyWords.isElementExist(KeyWords.java:170)] [By.xpath: //span[contains(text(),'2016-09-05 14:55')]/parent::*],元素不存在!
2016-09-05 14:49:07,590 ERROR [com.autotest.service.bmpService.Loan.getdata(Loan.java:493)] 【资金记录】实际数据条数与期望数据条数不一致！
2016-09-05 14:49:07,590 ERROR [com.autotest.testcases.YYS003_Payment.Test(YYS003_Payment.java:292)] 【资金记录数据校验错误！】
2016-09-05 16:15:53,210 ERROR [com.autotest.driver.KeyWords.isElementVisible(KeyWords.java:151)] [By.xpath: //input[@id='authCode']],元素不可见!
2016-09-05 16:16:06,700 ERROR [com.autotest.driver.KeyWords.isElementVisible(KeyWords.java:151)] [By.xpath: //div[@id='imptWrap']/span],元素不可见!
2016-09-05 16:16:07,106 ERROR [com.autotest.driver.KeyWords.isElementExist(KeyWords.java:170)] [By.xpath: //div[@id='imptWrap']/span],元素不存在!
2016-09-05 16:16:15,322 ERROR [com.autotest.testcases.YYS003_Payment.Test(YYS003_Payment.java:260)] 
java.lang.IndexOutOfBoundsException: Index: 0, Size: 0
	at java.util.ArrayList.rangeCheck(Unknown Source)
	at java.util.ArrayList.get(Unknown Source)
	at com.autotest.service.bmpService.Loan.getdata(Loan.java:426)
	at com.autotest.testcases.YYS003_Payment.Test(YYS003_Payment.java:232)
	at sun.reflect.NativeMethodAccessorImpl.invoke0(Native Method)
	at sun.reflect.NativeMethodAccessorImpl.invoke(Unknown Source)
	at sun.reflect.DelegatingMethodAccessorImpl.invoke(Unknown Source)
	at java.lang.reflect.Method.invoke(Unknown Source)
	at org.testng.internal.MethodInvocationHelper.invokeMethod(MethodInvocationHelper.java:80)
	at org.testng.internal.Invoker.invokeMethod(Invoker.java:702)
	at org.testng.internal.Invoker.invokeTestMethod(Invoker.java:894)
	at org.testng.internal.Invoker.invokeTestMethods(Invoker.java:1219)
	at org.testng.internal.TestMethodWorker.invokeTestMethods(TestMethodWorker.java:127)
	at org.testng.internal.TestMethodWorker.run(TestMethodWorker.java:111)
	at org.testng.TestRunner.privateRun(TestRunner.java:768)
	at org.testng.TestRunner.run(TestRunner.java:617)
	at org.testng.SuiteRunner.runTest(SuiteRunner.java:334)
	at org.testng.SuiteRunner.access$000(SuiteRunner.java:37)
	at org.testng.SuiteRunner$SuiteWorker.run(SuiteRunner.java:368)
	at org.testng.internal.thread.ThreadUtil$2.call(ThreadUtil.java:64)
	at java.util.concurrent.FutureTask.run(Unknown Source)
	at java.util.concurrent.ThreadPoolExecutor.runWorker(Unknown Source)
	at java.util.concurrent.ThreadPoolExecutor$Worker.run(Unknown Source)
	at java.lang.Thread.run(Unknown Source)
2016-09-05 16:17:42,717 ERROR [com.autotest.driver.KeyWords.isElementVisible(KeyWords.java:151)] [By.xpath: //input[@id='authCode']],元素不可见!
2016-09-05 16:17:55,396 ERROR [com.autotest.driver.KeyWords.isElementVisible(KeyWords.java:151)] [By.xpath: //div[@id='imptWrap']/span],元素不可见!
2016-09-05 16:17:55,837 ERROR [com.autotest.driver.KeyWords.isElementExist(KeyWords.java:170)] [By.xpath: //div[@id='imptWrap']/span],元素不存在!
2016-09-05 16:18:06,301 ERROR [com.autotest.testcases.YYS003_Payment.Test(YYS003_Payment.java:260)] 
java.lang.IndexOutOfBoundsException: Index: 0, Size: 0
	at java.util.ArrayList.rangeCheck(Unknown Source)
	at java.util.ArrayList.get(Unknown Source)
	at com.autotest.service.bmpService.Loan.getdata(Loan.java:426)
	at com.autotest.testcases.YYS003_Payment.Test(YYS003_Payment.java:232)
	at sun.reflect.NativeMethodAccessorImpl.invoke0(Native Method)
	at sun.reflect.NativeMethodAccessorImpl.invoke(Unknown Source)
	at sun.reflect.DelegatingMethodAccessorImpl.invoke(Unknown Source)
	at java.lang.reflect.Method.invoke(Unknown Source)
	at org.testng.internal.MethodInvocationHelper.invokeMethod(MethodInvocationHelper.java:80)
	at org.testng.internal.Invoker.invokeMethod(Invoker.java:702)
	at org.testng.internal.Invoker.invokeTestMethod(Invoker.java:894)
	at org.testng.internal.Invoker.invokeTestMethods(Invoker.java:1219)
	at org.testng.internal.TestMethodWorker.invokeTestMethods(TestMethodWorker.java:127)
	at org.testng.internal.TestMethodWorker.run(TestMethodWorker.java:111)
	at org.testng.TestRunner.privateRun(TestRunner.java:768)
	at org.testng.TestRunner.run(TestRunner.java:617)
	at org.testng.SuiteRunner.runTest(SuiteRunner.java:334)
	at org.testng.SuiteRunner.access$000(SuiteRunner.java:37)
	at org.testng.SuiteRunner$SuiteWorker.run(SuiteRunner.java:368)
	at org.testng.internal.thread.ThreadUtil$2.call(ThreadUtil.java:64)
	at java.util.concurrent.FutureTask.run(Unknown Source)
	at java.util.concurrent.ThreadPoolExecutor.runWorker(Unknown Source)
	at java.util.concurrent.ThreadPoolExecutor$Worker.run(Unknown Source)
	at java.lang.Thread.run(Unknown Source)
2016-09-05 16:18:46,486 ERROR [com.autotest.driver.KeyWords.isElementVisible(KeyWords.java:151)] [By.xpath: //input[@id='authCode']],元素不可见!
2016-09-05 16:18:59,378 ERROR [com.autotest.driver.KeyWords.isElementVisible(KeyWords.java:151)] [By.xpath: //div[@id='imptWrap']/span],元素不可见!
2016-09-05 16:18:59,789 ERROR [com.autotest.driver.KeyWords.isElementExist(KeyWords.java:170)] [By.xpath: //div[@id='imptWrap']/span],元素不存在!
2016-09-05 16:19:08,148 ERROR [com.autotest.testcases.YYS003_Payment.Test(YYS003_Payment.java:260)] 
java.lang.IndexOutOfBoundsException: Index: 0, Size: 0
	at java.util.ArrayList.rangeCheck(Unknown Source)
	at java.util.ArrayList.get(Unknown Source)
	at com.autotest.service.bmpService.Loan.getdata(Loan.java:426)
	at com.autotest.testcases.YYS003_Payment.Test(YYS003_Payment.java:232)
	at sun.reflect.NativeMethodAccessorImpl.invoke0(Native Method)
	at sun.reflect.NativeMethodAccessorImpl.invoke(Unknown Source)
	at sun.reflect.DelegatingMethodAccessorImpl.invoke(Unknown Source)
	at java.lang.reflect.Method.invoke(Unknown Source)
	at org.testng.internal.MethodInvocationHelper.invokeMethod(MethodInvocationHelper.java:80)
	at org.testng.internal.Invoker.invokeMethod(Invoker.java:702)
	at org.testng.internal.Invoker.invokeTestMethod(Invoker.java:894)
	at org.testng.internal.Invoker.invokeTestMethods(Invoker.java:1219)
	at org.testng.internal.TestMethodWorker.invokeTestMethods(TestMethodWorker.java:127)
	at org.testng.internal.TestMethodWorker.run(TestMethodWorker.java:111)
	at org.testng.TestRunner.privateRun(TestRunner.java:768)
	at org.testng.TestRunner.run(TestRunner.java:617)
	at org.testng.SuiteRunner.runTest(SuiteRunner.java:334)
	at org.testng.SuiteRunner.access$000(SuiteRunner.java:37)
	at org.testng.SuiteRunner$SuiteWorker.run(SuiteRunner.java:368)
	at org.testng.internal.thread.ThreadUtil$2.call(ThreadUtil.java:64)
	at java.util.concurrent.FutureTask.run(Unknown Source)
	at java.util.concurrent.ThreadPoolExecutor.runWorker(Unknown Source)
	at java.util.concurrent.ThreadPoolExecutor$Worker.run(Unknown Source)
	at java.lang.Thread.run(Unknown Source)
2016-09-05 16:22:55,449 ERROR [com.autotest.driver.KeyWords.isElementVisible(KeyWords.java:151)] [By.xpath: //input[@id='authCode']],元素不可见!
2016-09-05 16:23:07,722 ERROR [com.autotest.driver.KeyWords.isElementVisible(KeyWords.java:151)] [By.xpath: //div[@id='imptWrap']/span],元素不可见!
2016-09-05 16:23:08,171 ERROR [com.autotest.driver.KeyWords.isElementExist(KeyWords.java:170)] [By.xpath: //div[@id='imptWrap']/span],元素不存在!
2016-09-05 16:25:20,632 ERROR [com.autotest.driver.KeyWords.isElementVisible(KeyWords.java:151)] [By.xpath: //input[@id='authCode']],元素不可见!
2016-09-05 16:25:33,411 ERROR [com.autotest.driver.KeyWords.isElementVisible(KeyWords.java:151)] [By.xpath: //div[@id='imptWrap']/span],元素不可见!
2016-09-05 16:25:33,812 ERROR [com.autotest.driver.KeyWords.isElementExist(KeyWords.java:170)] [By.xpath: //div[@id='imptWrap']/span],元素不存在!
2016-09-05 16:29:34,205 ERROR [com.autotest.driver.KeyWords.isElementVisible(KeyWords.java:151)] [By.xpath: //input[@id='authCode']],元素不可见!
2016-09-05 16:29:46,802 ERROR [com.autotest.driver.KeyWords.isElementVisible(KeyWords.java:151)] [By.xpath: //div[@id='imptWrap']/span],元素不可见!
2016-09-05 16:29:47,207 ERROR [com.autotest.driver.KeyWords.isElementExist(KeyWords.java:170)] [By.xpath: //div[@id='imptWrap']/span],元素不存在!
2016-09-05 16:33:08,578 ERROR [com.autotest.driver.KeyWords.isElementVisible(KeyWords.java:151)] [By.xpath: //input[@id='authCode']],元素不可见!
2016-09-05 16:33:21,997 ERROR [com.autotest.driver.KeyWords.isElementVisible(KeyWords.java:151)] [By.xpath: //div[@id='imptWrap']/span],元素不可见!
2016-09-05 16:33:22,391 ERROR [com.autotest.driver.KeyWords.isElementExist(KeyWords.java:170)] [By.xpath: //div[@id='imptWrap']/span],元素不存在!
2016-09-05 16:33:33,301 ERROR [com.autotest.utility.StringUtils.isEquals(StringUtils.java:114)] 摘要期望值:abstract;与实际值:项目不等！
2016-09-05 16:33:33,301 ERROR [com.autotest.utility.StringUtils.isEquals(StringUtils.java:114)] 交易金额期望值:+800.00;与实际值:+48200.00不等！
2016-09-05 16:33:33,302 ERROR [com.autotest.utility.StringUtils.isEquals(StringUtils.java:114)] 摘要期望值:abstract;与实际值:项目不等！
2016-09-05 16:33:33,302 ERROR [com.autotest.utility.StringUtils.isEquals(StringUtils.java:114)] 交易金额期望值:+48200.00;与实际值:+5000.00不等！
2016-09-05 16:33:33,302 ERROR [com.autotest.utility.StringUtils.isEquals(StringUtils.java:114)] 摘要期望值:abstract;与实际值:项目不等！
2016-09-05 16:33:33,303 ERROR [com.autotest.utility.StringUtils.isEquals(StringUtils.java:114)] 摘要期望值:abstract;与实际值:项目不等！
2016-09-05 16:33:33,303 ERROR [com.autotest.utility.StringUtils.isEquals(StringUtils.java:114)] 交易金额期望值:+1000.00;与实际值:+800.00不等！
2016-09-05 16:33:33,303 ERROR [com.autotest.utility.StringUtils.isEquals(StringUtils.java:114)] 摘要期望值:abstract;与实际值:项目不等！
2016-09-05 16:33:33,304 ERROR [com.autotest.utility.StringUtils.isEquals(StringUtils.java:114)] 交易金额期望值:+5000.00;与实际值:+1000.00不等！
2016-09-05 16:33:33,304 ERROR [com.autotest.utility.StringUtils.isEquals(StringUtils.java:114)] 摘要期望值:abstract;与实际值:项目不等！
2016-09-05 16:33:33,304 ERROR [com.autotest.testcases.YYS003_Payment.Test(YYS003_Payment.java:235)] 【资金记录数据校验错误！】
2016-09-05 16:40:43,444 ERROR [com.autotest.driver.KeyWords.isElementVisible(KeyWords.java:151)] [By.xpath: //input[@id='authCode']],元素不可见!
2016-09-05 16:40:58,063 ERROR [com.autotest.driver.KeyWords.isElementVisible(KeyWords.java:151)] [By.xpath: //div[@id='imptWrap']/span],元素不可见!
2016-09-05 16:40:58,474 ERROR [com.autotest.driver.KeyWords.isElementExist(KeyWords.java:170)] [By.xpath: //div[@id='imptWrap']/span],元素不存在!
2016-09-05 16:49:04,745 ERROR [com.autotest.utility.StringUtils.isEquals(StringUtils.java:114)] 交易金额期望值:+800.00;与实际值:+48200.00不等！
2016-09-05 16:49:04,746 ERROR [com.autotest.utility.StringUtils.isEquals(StringUtils.java:114)] 交易金额期望值:+48200.00;与实际值:+5000.00不等！
2016-09-05 16:49:04,747 ERROR [com.autotest.utility.StringUtils.isEquals(StringUtils.java:114)] 交易金额期望值:+1000.00;与实际值:+800.00不等！
2016-09-05 16:49:04,747 ERROR [com.autotest.utility.StringUtils.isEquals(StringUtils.java:114)] 交易金额期望值:+5000.00;与实际值:+1000.00不等！
2016-09-05 16:49:04,748 ERROR [com.autotest.testcases.YYS003_Payment.Test(YYS003_Payment.java:235)] 【资金记录数据校验错误！】
2016-09-05 16:49:04,918 ERROR [com.autotest.testcases.YYS003_Payment.Test(YYS003_Payment.java:260)] 
org.openqa.selenium.WebDriverException: Session [ebfce340-9e54-4842-8687-913e6bc00a12] was terminated due to TIMEOUT
Command duration or timeout: 79 milliseconds
Build info: version: '2.53.0', revision: '35ae25b', time: '2016-03-15 17:00:58'
System info: host: 'WB0005-1', ip: '10.15.168.57', os.name: 'Windows 7', os.arch: 'x86', os.version: '6.1', java.version: '1.7.0_51'
*** Element info: {Using=xpath, value=//a[contains(@href,'/Account/User/Logout')]}
Session ID: ebfce340-9e54-4842-8687-913e6bc00a12
Driver info: org.openqa.selenium.remote.RemoteWebDriver
Capabilities [{platform=XP, acceptSslCerts=true, javascriptEnabled=true, browserName=chrome, chrome={userDataDir=C:\Users\wb0005\AppData\Local\Temp\scoped_dir6260_9326}, rotatable=false, locationContextEnabled=true, mobileEmulationEnabled=false, webdriver.remote.sessionid=ebfce340-9e54-4842-8687-913e6bc00a12, version=48.0.2564.116, takesHeapSnapshot=true, cssSelectorsEnabled=true, databaseEnabled=false, handlesAlerts=true, browserConnectionEnabled=false, webStorageEnabled=true, nativeEvents=true, applicationCacheEnabled=false, takesScreenshot=true}]
	at sun.reflect.NativeConstructorAccessorImpl.newInstance0(Native Method)
	at sun.reflect.NativeConstructorAccessorImpl.newInstance(Unknown Source)
	at sun.reflect.DelegatingConstructorAccessorImpl.newInstance(Unknown Source)
	at java.lang.reflect.Constructor.newInstance(Unknown Source)
	at org.openqa.selenium.remote.ErrorHandler.createThrowable(ErrorHandler.java:206)
	at org.openqa.selenium.remote.ErrorHandler.throwIfResponseFailed(ErrorHandler.java:158)
	at org.openqa.selenium.remote.RemoteWebDriver.execute(RemoteWebDriver.java:678)
	at org.openqa.selenium.remote.RemoteWebDriver.findElement(RemoteWebDriver.java:363)
	at org.openqa.selenium.remote.RemoteWebDriver.findElementByXPath(RemoteWebDriver.java:500)
	at org.openqa.selenium.By$ByXPath.findElement(By.java:361)
	at org.openqa.selenium.remote.RemoteWebDriver.findElement(RemoteWebDriver.java:355)
	at org.openqa.selenium.support.ui.ExpectedConditions.findElement(ExpectedConditions.java:899)
	at org.openqa.selenium.support.ui.ExpectedConditions.access$0(ExpectedConditions.java:897)
	at org.openqa.selenium.support.ui.ExpectedConditions$7.apply(ExpectedConditions.java:205)
	at org.openqa.selenium.support.ui.ExpectedConditions$7.apply(ExpectedConditions.java:1)
	at org.openqa.selenium.support.ui.ExpectedConditions$22.apply(ExpectedConditions.java:653)
	at org.openqa.selenium.support.ui.ExpectedConditions$22.apply(ExpectedConditions.java:1)
	at org.openqa.selenium.support.ui.FluentWait.until(FluentWait.java:238)
	at com.autotest.driver.KeyWords.waitElementToBeClickable(KeyWords.java:136)
	at com.autotest.driver.KeyWords.click(KeyWords.java:226)
	at com.autotest.service.xhhService.PubXhhService.logout(PubXhhService.java:181)
	at com.autotest.testcases.YYS003_Payment.Test(YYS003_Payment.java:241)
	at sun.reflect.NativeMethodAccessorImpl.invoke0(Native Method)
	at sun.reflect.NativeMethodAccessorImpl.invoke(Unknown Source)
	at sun.reflect.DelegatingMethodAccessorImpl.invoke(Unknown Source)
	at java.lang.reflect.Method.invoke(Unknown Source)
	at org.testng.internal.MethodInvocationHelper.invokeMethod(MethodInvocationHelper.java:80)
	at org.testng.internal.Invoker.invokeMethod(Invoker.java:702)
	at org.testng.internal.Invoker.invokeTestMethod(Invoker.java:894)
	at org.testng.internal.Invoker.invokeTestMethods(Invoker.java:1219)
	at org.testng.internal.TestMethodWorker.invokeTestMethods(TestMethodWorker.java:127)
	at org.testng.internal.TestMethodWorker.run(TestMethodWorker.java:111)
	at org.testng.TestRunner.privateRun(TestRunner.java:768)
	at org.testng.TestRunner.run(TestRunner.java:617)
	at org.testng.SuiteRunner.runTest(SuiteRunner.java:334)
	at org.testng.SuiteRunner.access$000(SuiteRunner.java:37)
	at org.testng.SuiteRunner$SuiteWorker.run(SuiteRunner.java:368)
	at org.testng.internal.thread.ThreadUtil$2.call(ThreadUtil.java:64)
	at java.util.concurrent.FutureTask.run(Unknown Source)
	at java.util.concurrent.ThreadPoolExecutor.runWorker(Unknown Source)
	at java.util.concurrent.ThreadPoolExecutor$Worker.run(Unknown Source)
	at java.lang.Thread.run(Unknown Source)
Caused by: org.openqa.grid.common.exception.GridException: Session [ebfce340-9e54-4842-8687-913e6bc00a12] was terminated due to TIMEOUT
	at org.openqa.grid.internal.ActiveTestSessions.getExistingSession(ActiveTestSessions.java:105)
	at org.openqa.grid.internal.Registry.getExistingSession(Registry.java:425)
	at org.openqa.grid.web.servlet.handler.RequestHandler.getSession(RequestHandler.java:240)
	at org.openqa.grid.web.servlet.handler.RequestHandler.process(RequestHandler.java:120)
	at org.openqa.grid.web.servlet.DriverServlet.process(DriverServlet.java:83)
	at org.openqa.grid.web.servlet.DriverServlet.doPost(DriverServlet.java:67)
	at javax.servlet.http.HttpServlet.service(HttpServlet.java:707)
	at javax.servlet.http.HttpServlet.service(HttpServlet.java:790)
	at org.seleniumhq.jetty9.servlet.ServletHolder.handle(ServletHolder.java:808)
	at org.seleniumhq.jetty9.servlet.ServletHandler.doHandle(ServletHandler.java:587)
	at org.seleniumhq.jetty9.server.session.SessionHandler.doHandle(SessionHandler.java:221)
	at org.seleniumhq.jetty9.server.handler.ContextHandler.doHandle(ContextHandler.java:1127)
	at org.seleniumhq.jetty9.servlet.ServletHandler.doScope(ServletHandler.java:515)
	at org.seleniumhq.jetty9.server.session.SessionHandler.doScope(SessionHandler.java:185)
	at org.seleniumhq.jetty9.server.handler.ContextHandler.doScope(ContextHandler.java:1061)
	at org.seleniumhq.jetty9.server.handler.ScopedHandler.handle(ScopedHandler.java:141)
	at org.seleniumhq.jetty9.server.handler.HandlerWrapper.handle(HandlerWrapper.java:97)
	at org.seleniumhq.jetty9.server.Server.handle(Server.java:499)
	at org.seleniumhq.jetty9.server.HttpChannel.handle(HttpChannel.java:310)
	at org.seleniumhq.jetty9.server.HttpConnection.onFillable(HttpConnection.java:257)
	at org.seleniumhq.jetty9.io.AbstractConnection$2.run(AbstractConnection.java:540)
	at org.seleniumhq.jetty9.util.thread.QueuedThreadPool.runJob(QueuedThreadPool.java:635)
	at org.seleniumhq.jetty9.util.thread.QueuedThreadPool$3.run(QueuedThreadPool.java:555)
	... 1 more
