2016-09-22 14:34:41,730 ERROR [com.autotest.driver.KeyWords.isElementVisible(KeyWords.java:154)] [By.id: register-back-time],元素不可见!
2016-09-22 14:36:56,316 ERROR [com.autotest.driver.KeyWords.isElementVisible(KeyWords.java:154)] [By.id: register-back-time],元素不可见!
2016-09-22 14:37:10,235 ERROR [com.autotest.driver.KeyWords.isElementVisible(KeyWords.java:154)] [By.id: guide-close],元素不可见!
2016-09-22 14:39:23,188 ERROR [com.autotest.driver.KeyWords.isElementVisible(KeyWords.java:154)] [By.id: register-back-time],元素不可见!
2016-09-22 14:39:34,572 ERROR [com.autotest.driver.KeyWords.isElementVisible(KeyWords.java:154)] [By.id: guide-close],元素不可见!
2016-09-22 14:41:45,263 ERROR [com.autotest.driver.KeyWords.isElementVisible(KeyWords.java:154)] [By.id: register-back-time],元素不可见!
2016-09-22 14:41:56,535 ERROR [com.autotest.driver.KeyWords.isElementVisible(KeyWords.java:154)] [By.id: guide-close],元素不可见!
2016-09-22 14:44:18,467 ERROR [com.autotest.driver.KeyWords.isElementVisible(KeyWords.java:154)] [By.id: register-back-time],元素不可见!
2016-09-22 14:44:32,248 ERROR [com.autotest.driver.KeyWords.isElementVisible(KeyWords.java:154)] [By.id: guide-close],元素不可见!
2016-09-22 14:57:45,656 ERROR [com.autotest.driver.KeyWords.isElementVisible(KeyWords.java:154)] [By.xpath: //input[@id='authCode']],元素不可见!
2016-09-22 14:58:00,694 ERROR [com.autotest.driver.KeyWords.isElementVisible(KeyWords.java:154)] [By.xpath: //a[contains(text(),'YYS20160921015')]],元素不可见!
2016-09-22 14:58:00,706 ERROR [com.autotest.driver.KeyWords.isElementExist(KeyWords.java:173)] [By.xpath: //a[contains(text(),'YYS20160921015')]],元素不存在!
2016-09-22 14:58:01,732 ERROR [com.autotest.driver.KeyWords.isElementExist2(KeyWords.java:191)] [By.xpath: //a[text()='>']/preceding-sibling::a[1]],元素不存在!
2016-09-22 14:58:01,733 ERROR [com.autotest.service.xhhService.UserAccountService.checkValInInvestRecord(UserAccountService.java:324)] 【理财记录】未找到项目YYS20160921015
2016-09-22 14:58:01,733 ERROR [com.autotest.testcases.RYS009_UserInvest.test(RYS009_UserInvest.java:132)] 【理财记录】校验数据失败
2016-09-22 14:58:12,337 ERROR [com.autotest.driver.KeyWords.isElementVisible(KeyWords.java:154)] [By.xpath: //td[contains(text(),'YYS20160921015')][(contains(text(),'回款'))]],元素不可见!
2016-09-22 14:58:12,350 ERROR [com.autotest.driver.KeyWords.isElementExist(KeyWords.java:173)] [By.xpath: //td[contains(text(),'YYS20160921015')][(contains(text(),'回款'))]],元素不存在!
2016-09-22 14:58:13,374 ERROR [com.autotest.driver.KeyWords.isElementExist2(KeyWords.java:191)] [By.xpath: //a[text()='>']/preceding-sibling::a[1]],元素不存在!
2016-09-22 14:58:13,374 ERROR [com.autotest.service.xhhService.UserAccountService.checkValInPayRecord(UserAccountService.java:392)] 【资金记录】未找到项目YYS20160921015
2016-09-22 14:58:13,375 ERROR [com.autotest.testcases.RYS009_UserInvest.test(RYS009_UserInvest.java:152)] 【资金记录】校验回款数据失败
2016-09-22 14:58:50,501 ERROR [com.autotest.driver.KeyWords.isElementVisible(KeyWords.java:154)] [By.xpath: //input[@id='authCode']],元素不可见!
2016-09-22 14:59:04,798 ERROR [com.autotest.driver.KeyWords.isElementVisible(KeyWords.java:154)] [By.xpath: //a[contains(text(),'YYS20160921015')]],元素不可见!
2016-09-22 14:59:04,809 ERROR [com.autotest.driver.KeyWords.isElementExist(KeyWords.java:173)] [By.xpath: //a[contains(text(),'YYS20160921015')]],元素不存在!
2016-09-22 14:59:05,833 ERROR [com.autotest.driver.KeyWords.isElementExist2(KeyWords.java:191)] [By.xpath: //a[text()='>']/preceding-sibling::a[1]],元素不存在!
2016-09-22 14:59:05,833 ERROR [com.autotest.service.xhhService.UserAccountService.checkValInInvestRecord(UserAccountService.java:324)] 【理财记录】未找到项目YYS20160921015
2016-09-22 14:59:05,833 ERROR [com.autotest.testcases.RYS009_UserInvest.test(RYS009_UserInvest.java:132)] 【理财记录】校验数据失败
2016-09-22 14:59:16,342 ERROR [com.autotest.driver.KeyWords.isElementVisible(KeyWords.java:154)] [By.xpath: //td[contains(text(),'YYS20160921015')][(contains(text(),'回款'))]],元素不可见!
2016-09-22 14:59:16,355 ERROR [com.autotest.driver.KeyWords.isElementExist(KeyWords.java:173)] [By.xpath: //td[contains(text(),'YYS20160921015')][(contains(text(),'回款'))]],元素不存在!
2016-09-22 14:59:17,380 ERROR [com.autotest.driver.KeyWords.isElementExist2(KeyWords.java:191)] [By.xpath: //a[text()='>']/preceding-sibling::a[1]],元素不存在!
2016-09-22 14:59:17,381 ERROR [com.autotest.service.xhhService.UserAccountService.checkValInPayRecord(UserAccountService.java:392)] 【资金记录】未找到项目YYS20160921015
2016-09-22 14:59:17,381 ERROR [com.autotest.testcases.RYS009_UserInvest.test(RYS009_UserInvest.java:152)] 【资金记录】校验回款数据失败
2016-09-22 14:59:43,630 ERROR [com.autotest.driver.KeyWords.isElementVisible(KeyWords.java:154)] [By.xpath: //a[contains(text(),'RYS20160922002')]],元素不可见!
2016-09-22 14:59:43,641 ERROR [com.autotest.driver.KeyWords.isElementExist(KeyWords.java:173)] [By.xpath: //a[contains(text(),'RYS20160922002')]],元素不存在!
2016-09-22 14:59:53,857 ERROR [com.autotest.driver.KeyWords.isElementVisible(KeyWords.java:154)] [By.xpath: //a[text()='>']/preceding-sibling::a[1]],元素不可见!
2016-09-22 14:59:53,872 ERROR [com.autotest.testcases.RYS009_UserInvest.test(RYS009_UserInvest.java:421)] no such element
  (Session info: chrome=48.0.2564.116)
  (Driver info: chromedriver=2.13.307647 (5a7d0541ebc58e69994a6fb2ed930f45261f3c29),platform=Windows NT 6.1 SP1 x86_64) (WARNING: The server did not provide any stacktrace information)
Command duration or timeout: 10 milliseconds
For documentation on this error, please visit: http://seleniumhq.org/exceptions/no_such_element.html
Build info: version: '2.53.0', revision: '35ae25b', time: '2016-03-15 17:00:58'
System info: host: 'WB0005-1', ip: '10.46.168.29', os.name: 'Windows 7', os.arch: 'x86', os.version: '6.1', java.version: '1.7.0_51'
*** Element info: {Using=xpath, value=//a[text()='>']/preceding-sibling::a[1]}
Session ID: a7b15255265d8ec6919e0736d50b22d0
Driver info: org.openqa.selenium.chrome.ChromeDriver
Capabilities [{platform=XP, acceptSslCerts=true, javascriptEnabled=true, browserName=chrome, chrome={userDataDir=C:\Users\wb0005\AppData\Local\Temp\scoped_dir7456_785}, rotatable=false, locationContextEnabled=true, mobileEmulationEnabled=false, version=48.0.2564.116, takesHeapSnapshot=true, cssSelectorsEnabled=true, databaseEnabled=false, handlesAlerts=true, browserConnectionEnabled=false, webStorageEnabled=true, nativeEvents=true, applicationCacheEnabled=false, takesScreenshot=true}]
org.openqa.selenium.NoSuchElementException: no such element
  (Session info: chrome=48.0.2564.116)
  (Driver info: chromedriver=2.13.307647 (5a7d0541ebc58e69994a6fb2ed930f45261f3c29),platform=Windows NT 6.1 SP1 x86_64) (WARNING: The server did not provide any stacktrace information)
Command duration or timeout: 10 milliseconds
For documentation on this error, please visit: http://seleniumhq.org/exceptions/no_such_element.html
Build info: version: '2.53.0', revision: '35ae25b', time: '2016-03-15 17:00:58'
System info: host: 'WB0005-1', ip: '10.46.168.29', os.name: 'Windows 7', os.arch: 'x86', os.version: '6.1', java.version: '1.7.0_51'
*** Element info: {Using=xpath, value=//a[text()='>']/preceding-sibling::a[1]}
Session ID: a7b15255265d8ec6919e0736d50b22d0
Driver info: org.openqa.selenium.chrome.ChromeDriver
Capabilities [{platform=XP, acceptSslCerts=true, javascriptEnabled=true, browserName=chrome, chrome={userDataDir=C:\Users\wb0005\AppData\Local\Temp\scoped_dir7456_785}, rotatable=false, locationContextEnabled=true, mobileEmulationEnabled=false, version=48.0.2564.116, takesHeapSnapshot=true, cssSelectorsEnabled=true, databaseEnabled=false, handlesAlerts=true, browserConnectionEnabled=false, webStorageEnabled=true, nativeEvents=true, applicationCacheEnabled=false, takesScreenshot=true}]
	at sun.reflect.GeneratedConstructorAccessor10.newInstance(Unknown Source)
	at sun.reflect.DelegatingConstructorAccessorImpl.newInstance(Unknown Source)
	at java.lang.reflect.Constructor.newInstance(Unknown Source)
	at org.openqa.selenium.remote.ErrorHandler.createThrowable(ErrorHandler.java:206)
	at org.openqa.selenium.remote.ErrorHandler.throwIfResponseFailed(ErrorHandler.java:158)
	at org.openqa.selenium.remote.RemoteWebDriver.execute(RemoteWebDriver.java:678)
	at org.openqa.selenium.remote.RemoteWebDriver.findElement(RemoteWebDriver.java:363)
	at org.openqa.selenium.remote.RemoteWebDriver.findElementByXPath(RemoteWebDriver.java:500)
	at org.openqa.selenium.By$ByXPath.findElement(By.java:361)
	at org.openqa.selenium.remote.RemoteWebDriver.findElement(RemoteWebDriver.java:355)
	at com.autotest.driver.KeyWords.getText(KeyWords.java:399)
	at com.autotest.service.xhhService.InvestFinanceService.findKeyPaging(InvestFinanceService.java:1201)
	at com.autotest.service.xhhService.InvestFinanceService.findProductByPaging(InvestFinanceService.java:156)
	at com.autotest.testcases.RYS009_UserInvest.test(RYS009_UserInvest.java:190)
	at sun.reflect.NativeMethodAccessorImpl.invoke0(Native Method)
	at sun.reflect.NativeMethodAccessorImpl.invoke(Unknown Source)
	at sun.reflect.DelegatingMethodAccessorImpl.invoke(Unknown Source)
	at java.lang.reflect.Method.invoke(Unknown Source)
	at org.testng.internal.MethodInvocationHelper.invokeMethod(MethodInvocationHelper.java:80)
	at org.testng.internal.Invoker.invokeMethod(Invoker.java:702)
	at org.testng.internal.Invoker.invokeTestMethod(Invoker.java:894)
	at org.testng.internal.Invoker.invokeTestMethods(Invoker.java:1219)
	at org.testng.internal.TestMethodWorker.invokeTestMethods(TestMethodWorker.java:127)
	at org.testng.internal.TestMethodWorker.run(TestMethodWorker.java:111)
	at org.testng.TestRunner.privateRun(TestRunner.java:768)
	at org.testng.TestRunner.run(TestRunner.java:617)
	at org.testng.SuiteRunner.runTest(SuiteRunner.java:334)
	at org.testng.SuiteRunner.access$000(SuiteRunner.java:37)
	at org.testng.SuiteRunner$SuiteWorker.run(SuiteRunner.java:368)
	at org.testng.internal.thread.ThreadUtil$2.call(ThreadUtil.java:64)
	at java.util.concurrent.FutureTask.run(Unknown Source)
	at java.util.concurrent.ThreadPoolExecutor.runWorker(Unknown Source)
	at java.util.concurrent.ThreadPoolExecutor$Worker.run(Unknown Source)
	at java.lang.Thread.run(Unknown Source)
2016-09-22 15:07:16,016 ERROR [com.autotest.driver.KeyWords.isElementVisible(KeyWords.java:154)] [By.xpath: //input[@id='authCode']],元素不可见!
2016-09-22 15:07:26,491 ERROR [com.autotest.driver.KeyWords.isElementVisible(KeyWords.java:154)] [By.xpath: //a[contains(@href,'/Account/User/Logout')]],元素不可见!
2016-09-22 15:07:26,492 ERROR [com.autotest.driver.KeyWords.isElementExist(KeyWords.java:173)] [By.xpath: //a[contains(@href,'/Account/User/Logout')]],元素不存在!
2016-09-22 15:07:36,763 ERROR [com.autotest.driver.KeyWords.isElementVisible(KeyWords.java:154)] [By.xpath: //div[@id='imptWrap']/span],元素不可见!
2016-09-22 15:07:36,764 ERROR [com.autotest.driver.KeyWords.isElementExist(KeyWords.java:173)] [By.xpath: //div[@id='imptWrap']/span],元素不存在!
2016-09-22 15:07:36,764 ERROR [com.autotest.testcases.RYS009_UserInvest.test(RYS009_UserInvest.java:411)] 登录失败
2016-09-22 15:07:37,271 ERROR [com.autotest.testcases.RYS009_UserInvest.test(RYS009_UserInvest.java:421)] 登录失败
java.lang.Exception: 登录失败
	at com.autotest.testcases.RYS009_UserInvest.test(RYS009_UserInvest.java:415)
	at sun.reflect.NativeMethodAccessorImpl.invoke0(Native Method)
	at sun.reflect.NativeMethodAccessorImpl.invoke(Unknown Source)
	at sun.reflect.DelegatingMethodAccessorImpl.invoke(Unknown Source)
	at java.lang.reflect.Method.invoke(Unknown Source)
	at org.testng.internal.MethodInvocationHelper.invokeMethod(MethodInvocationHelper.java:80)
	at org.testng.internal.Invoker.invokeMethod(Invoker.java:702)
	at org.testng.internal.Invoker.invokeTestMethod(Invoker.java:894)
	at org.testng.internal.Invoker.invokeTestMethods(Invoker.java:1219)
	at org.testng.internal.TestMethodWorker.invokeTestMethods(TestMethodWorker.java:127)
	at org.testng.internal.TestMethodWorker.run(TestMethodWorker.java:111)
	at org.testng.TestRunner.privateRun(TestRunner.java:768)
	at org.testng.TestRunner.run(TestRunner.java:617)
	at org.testng.SuiteRunner.runTest(SuiteRunner.java:334)
	at org.testng.SuiteRunner.access$000(SuiteRunner.java:37)
	at org.testng.SuiteRunner$SuiteWorker.run(SuiteRunner.java:368)
	at org.testng.internal.thread.ThreadUtil$2.call(ThreadUtil.java:64)
	at java.util.concurrent.FutureTask.run(Unknown Source)
	at java.util.concurrent.ThreadPoolExecutor.runWorker(Unknown Source)
	at java.util.concurrent.ThreadPoolExecutor$Worker.run(Unknown Source)
	at java.lang.Thread.run(Unknown Source)
