<?xml version="1.0" encoding="UTF-8"?>
<!-- Generated by org.testng.reporters.JUnitXMLReporter -->
<testsuite hostname="myl000738-0" name="Default test" tests="1" failures="0" timestamp="30 Sep 2016 09:59:32 GMT" time="0.073" errors="0">
  <testcase name="@BeforeClass createDriver" time="0.0" classname="com.autotest.testcases.YYS007_InvestSDT">
    <failure type="org.testng.TestNGException" message="
Parameter &amp;apos;threadName&amp;apos; is required by @Configuration on method createDriver but has not been marked @Optional or defined
in C:\Users\000738\AppData\Local\Temp\testng-eclipse-1772965683\testng-customsuite.xml">
      <![CDATA[org.testng.TestNGException: 
Parameter 'threadName' is required by @Configuration on method createDriver but has not been marked @Optional or defined
in C:\Users\000738\AppData\Local\Temp\testng-eclipse-1772965683\testng-customsuite.xml
	at org.testng.internal.Parameters.createParameters(Parameters.java:155)
	at org.testng.internal.Parameters.createParameters(Parameters.java:355)
	at org.testng.internal.Parameters.createConfigurationParameters(Parameters.java:86)
	at org.testng.internal.Invoker.invokeConfigurations(Invoker.java:199)
	at org.testng.internal.Invoker.invokeConfigurations(Invoker.java:138)
	at org.testng.internal.TestMethodWorker.invokeBeforeClassMethods(TestMethodWorker.java:175)
	at org.testng.internal.TestMethodWorker.run(TestMethodWorker.java:107)
	at org.testng.TestRunner.privateRun(TestRunner.java:768)
	at org.testng.TestRunner.run(TestRunner.java:617)
	at org.testng.SuiteRunner.runTest(SuiteRunner.java:334)
	at org.testng.SuiteRunner.runSequentially(SuiteRunner.java:329)
	at org.testng.SuiteRunner.privateRun(SuiteRunner.java:291)
	at org.testng.SuiteRunner.run(SuiteRunner.java:240)
	at org.testng.SuiteRunnerWorker.runSuite(SuiteRunnerWorker.java:53)
	at org.testng.SuiteRunnerWorker.run(SuiteRunnerWorker.java:87)
	at org.testng.TestNG.runSuitesSequentially(TestNG.java:1185)
	at org.testng.TestNG.runSuitesLocally(TestNG.java:1110)
	at org.testng.TestNG.run(TestNG.java:1022)
	at org.testng.remote.RemoteTestNG.run(RemoteTestNG.java:109)
	at org.testng.remote.RemoteTestNG.initAndRun(RemoteTestNG.java:202)
	at org.testng.remote.RemoteTestNG.main(RemoteTestNG.java:173)
]]>
    </failure>
  </testcase> <!-- @BeforeClass createDriver -->
  <testcase name="@AfterClass quitDriver" time="0.0" classname="com.autotest.testcases.YYS007_InvestSDT">
    <skipped/>
  </testcase> <!-- @AfterClass quitDriver -->
  <testcase name="test" time="0.0" classname="com.autotest.testcases.YYS007_InvestSDT">
    <skipped/>
  </testcase> <!-- test -->
</testsuite> <!-- Default test -->
