<?xml version="1.0" encoding="utf-8" ?>
<!DOCTYPE html PUBLIC "-//W3C//DTD XHTML 1.0 Strict//EN"
        "http://www.w3.org/TR/xhtml1/DTD/xhtml1-strict.dtd">
<html xmlns="http://www.w3.org/1999/xhtml" xml:lang="" lang="">
<head>
  <title>Test Results Report - Firefox_Test4</title>
  <meta http-equiv="Content-Type" content="text/html;charset=utf-8" />
  <meta name="description" content="TestNG unit test results." />
  <link href="reportng.css" rel="stylesheet" type="text/css" />
    <script type="text/javascript" src="reportng.js"></script>
</head>
<body>
<h1>Firefox_Test4</h1>
<p>
  Test duration: 1944.006s
</p>



  <table class="resultsTable">
    <tr><th colspan="3" class="header failed">Failed Tests</th></tr>
          <tr>
        <td colspan="3" class="group">com.autotest.testcases.Project_Release_YYS007</td>
      </tr>
            
<tr>
  <td class="method">
                  test
      </td>
  <td class="duration">
    33.303s
  </td>
  <td class="result">
        
    
        

        <a href="javascript:toggleElement('exception-0', 'block')" title="Click to expand/collapse"><b>java.lang.AssertionError: </b></a><br />
    <div class="stackTrace" id="exception-0">
              org.testng.AssertJUnit.fail(AssertJUnit.java:59)<br />
              org.testng.AssertJUnit.assertTrue(AssertJUnit.java:24)<br />
              org.testng.AssertJUnit.assertTrue(AssertJUnit.java:33)<br />
              com.autotest.testcases.Project_Release_YYS007.test(Project_Release_YYS007.java:409)<br />
              sun.reflect.NativeMethodAccessorImpl.invoke0(Native Method)<br />
              sun.reflect.NativeMethodAccessorImpl.invoke(Unknown Source)<br />
              sun.reflect.DelegatingMethodAccessorImpl.invoke(Unknown Source)<br />
              java.lang.reflect.Method.invoke(Unknown Source)<br />
              org.testng.internal.MethodInvocationHelper.invokeMethod(MethodInvocationHelper.java:80)<br />
              org.testng.internal.Invoker.invokeMethod(Invoker.java:702)<br />
              org.testng.internal.Invoker.invokeTestMethod(Invoker.java:894)<br />
              org.testng.internal.Invoker.invokeTestMethods(Invoker.java:1219)<br />
              org.testng.internal.TestMethodWorker.invokeTestMethods(TestMethodWorker.java:127)<br />
              org.testng.internal.TestMethodWorker.run(TestMethodWorker.java:111)<br />
              org.testng.TestRunner.privateRun(TestRunner.java:768)<br />
              org.testng.TestRunner.run(TestRunner.java:617)<br />
              org.testng.SuiteRunner.runTest(SuiteRunner.java:334)<br />
              org.testng.SuiteRunner.access$000(SuiteRunner.java:37)<br />
              org.testng.SuiteRunner$SuiteWorker.run(SuiteRunner.java:368)<br />
              org.testng.internal.thread.ThreadUtil$2.call(ThreadUtil.java:64)<br />
              java.util.concurrent.FutureTask.run(Unknown Source)<br />
              java.util.concurrent.ThreadPoolExecutor.runWorker(Unknown Source)<br />
              java.util.concurrent.ThreadPoolExecutor$Worker.run(Unknown Source)<br />
              java.lang.Thread.run(Unknown Source)<br />
                </div>
      </td>
</tr>
          <tr>
        <td colspan="3" class="group">com.autotest.testcases.YYS007_CashEnd_ViewAccount</td>
      </tr>
            
<tr>
  <td class="method">
                  test
      </td>
  <td class="duration">
    34.948s
  </td>
  <td class="result">
        
    
        

        <a href="javascript:toggleElement('exception-1', 'block')" title="Click to expand/collapse"><b>java.lang.AssertionError: </b></a><br />
    <div class="stackTrace" id="exception-1">
              org.testng.AssertJUnit.fail(AssertJUnit.java:59)<br />
              org.testng.AssertJUnit.assertTrue(AssertJUnit.java:24)<br />
              org.testng.AssertJUnit.assertTrue(AssertJUnit.java:33)<br />
              com.autotest.testcases.YYS007_CashEnd_ViewAccount.test(YYS007_CashEnd_ViewAccount.java:162)<br />
              sun.reflect.NativeMethodAccessorImpl.invoke0(Native Method)<br />
              sun.reflect.NativeMethodAccessorImpl.invoke(Unknown Source)<br />
              sun.reflect.DelegatingMethodAccessorImpl.invoke(Unknown Source)<br />
              java.lang.reflect.Method.invoke(Unknown Source)<br />
              org.testng.internal.MethodInvocationHelper.invokeMethod(MethodInvocationHelper.java:80)<br />
              org.testng.internal.Invoker.invokeMethod(Invoker.java:702)<br />
              org.testng.internal.Invoker.invokeTestMethod(Invoker.java:894)<br />
              org.testng.internal.Invoker.invokeTestMethods(Invoker.java:1219)<br />
              org.testng.internal.TestMethodWorker.invokeTestMethods(TestMethodWorker.java:127)<br />
              org.testng.internal.TestMethodWorker.run(TestMethodWorker.java:111)<br />
              org.testng.TestRunner.privateRun(TestRunner.java:768)<br />
              org.testng.TestRunner.run(TestRunner.java:617)<br />
              org.testng.SuiteRunner.runTest(SuiteRunner.java:334)<br />
              org.testng.SuiteRunner.access$000(SuiteRunner.java:37)<br />
              org.testng.SuiteRunner$SuiteWorker.run(SuiteRunner.java:368)<br />
              org.testng.internal.thread.ThreadUtil$2.call(ThreadUtil.java:64)<br />
              java.util.concurrent.FutureTask.run(Unknown Source)<br />
              java.util.concurrent.ThreadPoolExecutor.runWorker(Unknown Source)<br />
              java.util.concurrent.ThreadPoolExecutor$Worker.run(Unknown Source)<br />
              java.lang.Thread.run(Unknown Source)<br />
                </div>
      </td>
</tr>
          <tr>
        <td colspan="3" class="group">com.autotest.testcases.YYS007_FastCashProject</td>
      </tr>
            
<tr>
  <td class="method">
                  test
      </td>
  <td class="duration">
    60.549s
  </td>
  <td class="result">
        
    
        

        <a href="javascript:toggleElement('exception-2', 'block')" title="Click to expand/collapse"><b>java.lang.AssertionError: </b></a><br />
    <div class="stackTrace" id="exception-2">
              org.testng.AssertJUnit.fail(AssertJUnit.java:59)<br />
              org.testng.AssertJUnit.assertTrue(AssertJUnit.java:24)<br />
              org.testng.AssertJUnit.assertTrue(AssertJUnit.java:33)<br />
              com.autotest.testcases.YYS007_FastCashProject.test(YYS007_FastCashProject.java:184)<br />
              sun.reflect.NativeMethodAccessorImpl.invoke0(Native Method)<br />
              sun.reflect.NativeMethodAccessorImpl.invoke(Unknown Source)<br />
              sun.reflect.DelegatingMethodAccessorImpl.invoke(Unknown Source)<br />
              java.lang.reflect.Method.invoke(Unknown Source)<br />
              org.testng.internal.MethodInvocationHelper.invokeMethod(MethodInvocationHelper.java:80)<br />
              org.testng.internal.Invoker.invokeMethod(Invoker.java:702)<br />
              org.testng.internal.Invoker.invokeTestMethod(Invoker.java:894)<br />
              org.testng.internal.Invoker.invokeTestMethods(Invoker.java:1219)<br />
              org.testng.internal.TestMethodWorker.invokeTestMethods(TestMethodWorker.java:127)<br />
              org.testng.internal.TestMethodWorker.run(TestMethodWorker.java:111)<br />
              org.testng.TestRunner.privateRun(TestRunner.java:768)<br />
              org.testng.TestRunner.run(TestRunner.java:617)<br />
              org.testng.SuiteRunner.runTest(SuiteRunner.java:334)<br />
              org.testng.SuiteRunner.access$000(SuiteRunner.java:37)<br />
              org.testng.SuiteRunner$SuiteWorker.run(SuiteRunner.java:368)<br />
              org.testng.internal.thread.ThreadUtil$2.call(ThreadUtil.java:64)<br />
              java.util.concurrent.FutureTask.run(Unknown Source)<br />
              java.util.concurrent.ThreadPoolExecutor.runWorker(Unknown Source)<br />
              java.util.concurrent.ThreadPoolExecutor$Worker.run(Unknown Source)<br />
              java.lang.Thread.run(Unknown Source)<br />
                </div>
      </td>
</tr>
          <tr>
        <td colspan="3" class="group">com.autotest.testcases.YYS007_GenPayPlan</td>
      </tr>
            
<tr>
  <td class="method">
                  test
      </td>
  <td class="duration">
    32.628s
  </td>
  <td class="result">
        
    
        

        <a href="javascript:toggleElement('exception-3', 'block')" title="Click to expand/collapse"><b>java.lang.AssertionError: </b></a><br />
    <div class="stackTrace" id="exception-3">
              org.testng.AssertJUnit.fail(AssertJUnit.java:59)<br />
              org.testng.AssertJUnit.assertTrue(AssertJUnit.java:24)<br />
              org.testng.AssertJUnit.assertTrue(AssertJUnit.java:33)<br />
              com.autotest.testcases.YYS007_GenPayPlan.test(YYS007_GenPayPlan.java:211)<br />
              sun.reflect.NativeMethodAccessorImpl.invoke0(Native Method)<br />
              sun.reflect.NativeMethodAccessorImpl.invoke(Unknown Source)<br />
              sun.reflect.DelegatingMethodAccessorImpl.invoke(Unknown Source)<br />
              java.lang.reflect.Method.invoke(Unknown Source)<br />
              org.testng.internal.MethodInvocationHelper.invokeMethod(MethodInvocationHelper.java:80)<br />
              org.testng.internal.Invoker.invokeMethod(Invoker.java:702)<br />
              org.testng.internal.Invoker.invokeTestMethod(Invoker.java:894)<br />
              org.testng.internal.Invoker.invokeTestMethods(Invoker.java:1219)<br />
              org.testng.internal.TestMethodWorker.invokeTestMethods(TestMethodWorker.java:127)<br />
              org.testng.internal.TestMethodWorker.run(TestMethodWorker.java:111)<br />
              org.testng.TestRunner.privateRun(TestRunner.java:768)<br />
              org.testng.TestRunner.run(TestRunner.java:617)<br />
              org.testng.SuiteRunner.runTest(SuiteRunner.java:334)<br />
              org.testng.SuiteRunner.access$000(SuiteRunner.java:37)<br />
              org.testng.SuiteRunner$SuiteWorker.run(SuiteRunner.java:368)<br />
              org.testng.internal.thread.ThreadUtil$2.call(ThreadUtil.java:64)<br />
              java.util.concurrent.FutureTask.run(Unknown Source)<br />
              java.util.concurrent.ThreadPoolExecutor.runWorker(Unknown Source)<br />
              java.util.concurrent.ThreadPoolExecutor$Worker.run(Unknown Source)<br />
              java.lang.Thread.run(Unknown Source)<br />
                </div>
      </td>
</tr>
          <tr>
        <td colspan="3" class="group">com.autotest.testcases.YYS007_InvestSDT</td>
      </tr>
            
<tr>
  <td class="method">
                  test
      </td>
  <td class="duration">
    34.530s
  </td>
  <td class="result">
        
    
        

        <a href="javascript:toggleElement('exception-4', 'block')" title="Click to expand/collapse"><b>java.lang.AssertionError: </b></a><br />
    <div class="stackTrace" id="exception-4">
              org.testng.AssertJUnit.fail(AssertJUnit.java:59)<br />
              org.testng.AssertJUnit.assertTrue(AssertJUnit.java:24)<br />
              org.testng.AssertJUnit.assertTrue(AssertJUnit.java:33)<br />
              com.autotest.testcases.YYS007_InvestSDT.test(YYS007_InvestSDT.java:397)<br />
              sun.reflect.NativeMethodAccessorImpl.invoke0(Native Method)<br />
              sun.reflect.NativeMethodAccessorImpl.invoke(Unknown Source)<br />
              sun.reflect.DelegatingMethodAccessorImpl.invoke(Unknown Source)<br />
              java.lang.reflect.Method.invoke(Unknown Source)<br />
              org.testng.internal.MethodInvocationHelper.invokeMethod(MethodInvocationHelper.java:80)<br />
              org.testng.internal.Invoker.invokeMethod(Invoker.java:702)<br />
              org.testng.internal.Invoker.invokeTestMethod(Invoker.java:894)<br />
              org.testng.internal.Invoker.invokeTestMethods(Invoker.java:1219)<br />
              org.testng.internal.TestMethodWorker.invokeTestMethods(TestMethodWorker.java:127)<br />
              org.testng.internal.TestMethodWorker.run(TestMethodWorker.java:111)<br />
              org.testng.TestRunner.privateRun(TestRunner.java:768)<br />
              org.testng.TestRunner.run(TestRunner.java:617)<br />
              org.testng.SuiteRunner.runTest(SuiteRunner.java:334)<br />
              org.testng.SuiteRunner.access$000(SuiteRunner.java:37)<br />
              org.testng.SuiteRunner$SuiteWorker.run(SuiteRunner.java:368)<br />
              org.testng.internal.thread.ThreadUtil$2.call(ThreadUtil.java:64)<br />
              java.util.concurrent.FutureTask.run(Unknown Source)<br />
              java.util.concurrent.ThreadPoolExecutor.runWorker(Unknown Source)<br />
              java.util.concurrent.ThreadPoolExecutor$Worker.run(Unknown Source)<br />
              java.lang.Thread.run(Unknown Source)<br />
                </div>
      </td>
</tr>
          <tr>
        <td colspan="3" class="group">com.autotest.testcases.YYS007_PayMent</td>
      </tr>
            
<tr>
  <td class="method">
                  Test
      </td>
  <td class="duration">
    42.980s
  </td>
  <td class="result">
        
    
        

        <a href="javascript:toggleElement('exception-5', 'block')" title="Click to expand/collapse"><b>java.lang.AssertionError: </b></a><br />
    <div class="stackTrace" id="exception-5">
              org.testng.AssertJUnit.fail(AssertJUnit.java:59)<br />
              org.testng.AssertJUnit.assertTrue(AssertJUnit.java:24)<br />
              org.testng.AssertJUnit.assertTrue(AssertJUnit.java:33)<br />
              com.autotest.testcases.YYS007_PayMent.Test(YYS007_PayMent.java:333)<br />
              sun.reflect.NativeMethodAccessorImpl.invoke0(Native Method)<br />
              sun.reflect.NativeMethodAccessorImpl.invoke(Unknown Source)<br />
              sun.reflect.DelegatingMethodAccessorImpl.invoke(Unknown Source)<br />
              java.lang.reflect.Method.invoke(Unknown Source)<br />
              org.testng.internal.MethodInvocationHelper.invokeMethod(MethodInvocationHelper.java:80)<br />
              org.testng.internal.Invoker.invokeMethod(Invoker.java:702)<br />
              org.testng.internal.Invoker.invokeTestMethod(Invoker.java:894)<br />
              org.testng.internal.Invoker.invokeTestMethods(Invoker.java:1219)<br />
              org.testng.internal.TestMethodWorker.invokeTestMethods(TestMethodWorker.java:127)<br />
              org.testng.internal.TestMethodWorker.run(TestMethodWorker.java:111)<br />
              org.testng.TestRunner.privateRun(TestRunner.java:768)<br />
              org.testng.TestRunner.run(TestRunner.java:617)<br />
              org.testng.SuiteRunner.runTest(SuiteRunner.java:334)<br />
              org.testng.SuiteRunner.access$000(SuiteRunner.java:37)<br />
              org.testng.SuiteRunner$SuiteWorker.run(SuiteRunner.java:368)<br />
              org.testng.internal.thread.ThreadUtil$2.call(ThreadUtil.java:64)<br />
              java.util.concurrent.FutureTask.run(Unknown Source)<br />
              java.util.concurrent.ThreadPoolExecutor.runWorker(Unknown Source)<br />
              java.util.concurrent.ThreadPoolExecutor$Worker.run(Unknown Source)<br />
              java.lang.Thread.run(Unknown Source)<br />
                </div>
      </td>
</tr>
          <tr>
        <td colspan="3" class="group">com.autotest.testcases.YYS007_Repay_Business</td>
      </tr>
            
<tr>
  <td class="method">
                  test
      </td>
  <td class="duration">
    250.705s
  </td>
  <td class="result">
        
    
        

        <a href="javascript:toggleElement('exception-6', 'block')" title="Click to expand/collapse"><b>java.lang.AssertionError: </b></a><br />
    <div class="stackTrace" id="exception-6">
              org.testng.AssertJUnit.fail(AssertJUnit.java:59)<br />
              org.testng.AssertJUnit.assertTrue(AssertJUnit.java:24)<br />
              org.testng.AssertJUnit.assertTrue(AssertJUnit.java:33)<br />
              com.autotest.testcases.YYS007_Repay_Business.test(YYS007_Repay_Business.java:285)<br />
              sun.reflect.NativeMethodAccessorImpl.invoke0(Native Method)<br />
              sun.reflect.NativeMethodAccessorImpl.invoke(Unknown Source)<br />
              sun.reflect.DelegatingMethodAccessorImpl.invoke(Unknown Source)<br />
              java.lang.reflect.Method.invoke(Unknown Source)<br />
              org.testng.internal.MethodInvocationHelper.invokeMethod(MethodInvocationHelper.java:80)<br />
              org.testng.internal.Invoker.invokeMethod(Invoker.java:702)<br />
              org.testng.internal.Invoker.invokeTestMethod(Invoker.java:894)<br />
              org.testng.internal.Invoker.invokeTestMethods(Invoker.java:1219)<br />
              org.testng.internal.TestMethodWorker.invokeTestMethods(TestMethodWorker.java:127)<br />
              org.testng.internal.TestMethodWorker.run(TestMethodWorker.java:111)<br />
              org.testng.TestRunner.privateRun(TestRunner.java:768)<br />
              org.testng.TestRunner.run(TestRunner.java:617)<br />
              org.testng.SuiteRunner.runTest(SuiteRunner.java:334)<br />
              org.testng.SuiteRunner.access$000(SuiteRunner.java:37)<br />
              org.testng.SuiteRunner$SuiteWorker.run(SuiteRunner.java:368)<br />
              org.testng.internal.thread.ThreadUtil$2.call(ThreadUtil.java:64)<br />
              java.util.concurrent.FutureTask.run(Unknown Source)<br />
              java.util.concurrent.ThreadPoolExecutor.runWorker(Unknown Source)<br />
              java.util.concurrent.ThreadPoolExecutor$Worker.run(Unknown Source)<br />
              java.lang.Thread.run(Unknown Source)<br />
                </div>
      </td>
</tr>
          <tr>
        <td colspan="3" class="group">com.autotest.testcases.YYS007_UserInvest</td>
      </tr>
            
<tr>
  <td class="method">
                  test
      </td>
  <td class="duration">
    663.143s
  </td>
  <td class="result">
        
    
        

        <a href="javascript:toggleElement('exception-7', 'block')" title="Click to expand/collapse"><b>java.lang.AssertionError: </b></a><br />
    <div class="stackTrace" id="exception-7">
              org.testng.AssertJUnit.fail(AssertJUnit.java:59)<br />
              org.testng.AssertJUnit.assertTrue(AssertJUnit.java:24)<br />
              org.testng.AssertJUnit.assertTrue(AssertJUnit.java:33)<br />
              com.autotest.testcases.YYS007_UserInvest.test(YYS007_UserInvest.java:396)<br />
              sun.reflect.NativeMethodAccessorImpl.invoke0(Native Method)<br />
              sun.reflect.NativeMethodAccessorImpl.invoke(Unknown Source)<br />
              sun.reflect.DelegatingMethodAccessorImpl.invoke(Unknown Source)<br />
              java.lang.reflect.Method.invoke(Unknown Source)<br />
              org.testng.internal.MethodInvocationHelper.invokeMethod(MethodInvocationHelper.java:80)<br />
              org.testng.internal.Invoker.invokeMethod(Invoker.java:702)<br />
              org.testng.internal.Invoker.invokeTestMethod(Invoker.java:894)<br />
              org.testng.internal.Invoker.invokeTestMethods(Invoker.java:1219)<br />
              org.testng.internal.TestMethodWorker.invokeTestMethods(TestMethodWorker.java:127)<br />
              org.testng.internal.TestMethodWorker.run(TestMethodWorker.java:111)<br />
              org.testng.TestRunner.privateRun(TestRunner.java:768)<br />
              org.testng.TestRunner.run(TestRunner.java:617)<br />
              org.testng.SuiteRunner.runTest(SuiteRunner.java:334)<br />
              org.testng.SuiteRunner.access$000(SuiteRunner.java:37)<br />
              org.testng.SuiteRunner$SuiteWorker.run(SuiteRunner.java:368)<br />
              org.testng.internal.thread.ThreadUtil$2.call(ThreadUtil.java:64)<br />
              java.util.concurrent.FutureTask.run(Unknown Source)<br />
              java.util.concurrent.ThreadPoolExecutor.runWorker(Unknown Source)<br />
              java.util.concurrent.ThreadPoolExecutor$Worker.run(Unknown Source)<br />
              java.lang.Thread.run(Unknown Source)<br />
                </div>
      </td>
</tr>
      </table>


  <table class="resultsTable">
    <tr><th colspan="3" class="header passed">Passed Tests</th></tr>
          <tr>
        <td colspan="3" class="group">com.autotest.testcases.UserRegistration</td>
      </tr>
            
<tr>
  <td class="method">
                  test
      </td>
  <td class="duration">
    661.119s
  </td>
  <td class="result">
        
          <i>Method arguments: </i><span class="arguments">"5", "12"</span><br />
    
        

      </td>
</tr>
      </table>
  
</body>
</html>
