<?xml version="1.0" encoding="UTF-8"?>
<testng-results skipped="0" failed="1" total="1" passed="0">
  <reporter-output>
  </reporter-output>
  <suite name="Test-class Suite" duration-ms="161565" started-at="2016-10-17T19:30:14Z" finished-at="2016-10-17T19:32:56Z">
    <groups>
    </groups>
    <test name="Firefox_Test1" duration-ms="161565" started-at="2016-10-17T19:30:14Z" finished-at="2016-10-17T19:32:56Z">
      <class name="com.autotest.testcases.YYS007_InvestSDT">
        <test-method status="PASS" signature="initialLog()[pri:0, instance:com.autotest.testcases.YYS007_InvestSDT@1ddbcb1]" name="initialLog" is-config="true" duration-ms="62" started-at="2016-10-17T19:30:14Z" finished-at="2016-10-17T19:30:15Z">
        </test-method> <!-- initialLog -->
        <test-method status="PASS" signature="createDriver(java.lang.String, java.lang.String, java.lang.String)[pri:0, instance:com.autotest.testcases.YYS007_InvestSDT@1ddbcb1]" name="createDriver" is-config="true" duration-ms="2930" started-at="2016-10-17T19:30:15Z" finished-at="2016-10-17T19:30:17Z">
          <params>
            <param index="0">
              <value>
                <![CDATA[Firefox Thread1]]>
              </value>
            </param>
            <param index="1">
              <value>
                <![CDATA[firefox]]>
              </value>
            </param>
            <param index="2">
              <value>
                <![CDATA[local]]>
              </value>
            </param>
          </params>
        </test-method> <!-- createDriver -->
        <test-method status="FAIL" signature="test()[pri:0, instance:com.autotest.testcases.YYS007_InvestSDT@1ddbcb1]" name="test" duration-ms="157932" started-at="2016-10-17T19:30:17Z" finished-at="2016-10-17T19:32:55Z">
          <exception class="java.lang.AssertionError">
            <full-stacktrace>
              <![CDATA[java.lang.AssertionError: 
	at org.testng.AssertJUnit.fail(AssertJUnit.java:59)
	at org.testng.AssertJUnit.assertTrue(AssertJUnit.java:24)
	at org.testng.AssertJUnit.assertTrue(AssertJUnit.java:33)
	at com.autotest.testcases.YYS007_InvestSDT.test(YYS007_InvestSDT.java:397)
	at sun.reflect.NativeMethodAccessorImpl.invoke0(Native Method)
	at sun.reflect.NativeMethodAccessorImpl.invoke(Unknown Source)
	at sun.reflect.DelegatingMethodAccessorImpl.invoke(Unknown Source)
	at java.lang.reflect.Method.invoke(Unknown Source)
	at org.testng.internal.MethodInvocationHelper.invokeMethod(MethodInvocationHelper.java:80)
	at org.testng.internal.Invoker.invokeMethod(Invoker.java:702)
	at org.testng.internal.Invoker.invokeTestMethod(Invoker.java:894)
	at org.testng.internal.Invoker.invokeTestMethods(Invoker.java:1219)
	at org.testng.internal.TestMethodWorker.invokeTestMethods(TestMethodWorker.java:127)
	at org.testng.internal.TestMethodWorker.run(TestMethodWorker.java:111)
	at org.testng.TestRunner.privateRun(TestRunner.java:768)
	at org.testng.TestRunner.run(TestRunner.java:617)
	at org.testng.SuiteRunner.runTest(SuiteRunner.java:334)
	at org.testng.SuiteRunner.access$000(SuiteRunner.java:37)
	at org.testng.SuiteRunner$SuiteWorker.run(SuiteRunner.java:368)
	at org.testng.internal.thread.ThreadUtil$2.call(ThreadUtil.java:64)
	at java.util.concurrent.FutureTask.run(Unknown Source)
	at java.util.concurrent.ThreadPoolExecutor.runWorker(Unknown Source)
	at java.util.concurrent.ThreadPoolExecutor$Worker.run(Unknown Source)
	at java.lang.Thread.run(Unknown Source)
]]>
            </full-stacktrace>
          </exception> <!-- java.lang.AssertionError -->
        </test-method> <!-- test -->
        <test-method status="PASS" signature="quitDriver()[pri:0, instance:com.autotest.testcases.YYS007_InvestSDT@1ddbcb1]" name="quitDriver" is-config="true" duration-ms="640" started-at="2016-10-17T19:32:55Z" finished-at="2016-10-17T19:32:56Z">
        </test-method> <!-- quitDriver -->
        <test-method status="PASS" signature="openReport()[pri:0, instance:com.autotest.testcases.YYS007_InvestSDT@1ddbcb1]" name="openReport" is-config="true" duration-ms="0" started-at="2016-10-17T19:32:56Z" finished-at="2016-10-17T19:32:56Z">
        </test-method> <!-- openReport -->
      </class> <!-- com.autotest.testcases.YYS007_InvestSDT -->
    </test> <!-- Firefox_Test1 -->
  </suite> <!-- Test-class Suite -->
</testng-results>
